#
# There is insufficient memory for the Java Runtime Environment to continue.
# Native memory allocation (malloc) failed to allocate 1585056 bytes for Chunk::new
# Possible reasons:
#   The system is out of physical RAM or swap space
#   In 32 bit mode, the process size limit was hit
# Possible solutions:
#   Reduce memory load on the system
#   Increase physical memory or swap space
#   Check if swap backing store is full
#   Use 64 bit Java on a 64 bit OS
#   Decrease Java heap size (-Xmx/-Xms)
#   Decrease number of Java threads
#   Decrease Java thread stack sizes (-Xss)
#   Set larger code cache with -XX:ReservedCodeCacheSize=
# This output file may be truncated or incomplete.
#
#  Out of Memory Error (allocation.cpp:390), pid=5024, tid=816
#
# JRE version: Java(TM) SE Runtime Environment (8.0_20-b26) (build 1.8.0_20-b26)
# Java VM: Java HotSpot(TM) 64-Bit Server VM (25.20-b23 mixed mode windows-amd64 compressed oops)
# Failed to write core dump. Minidumps are not enabled by default on client versions of Windows
#

---------------  T H R E A D  ---------------

Current thread (0x0000000014a8e800):  JavaThread "C2 CompilerThread0" daemon [_thread_in_native, id=816, stack(0x0000000015fa0000,0x00000000160a0000)]

Stack: [0x0000000015fa0000,0x00000000160a0000]
Native frames: (J=compiled Java code, j=interpreted, Vv=VM code, C=native code)
V  [jvm.dll+0x3152fa]
V  [jvm.dll+0x265d03]
V  [jvm.dll+0x266943]
V  [jvm.dll+0x25e265]
V  [jvm.dll+0xbe255]
V  [jvm.dll+0xbe6fc]
V  [jvm.dll+0x45c472]
V  [jvm.dll+0x49d76f]
V  [jvm.dll+0x4512bf]
V  [jvm.dll+0x452634]
V  [jvm.dll+0x435fc2]
V  [jvm.dll+0x97b62]
V  [jvm.dll+0x98353]
V  [jvm.dll+0x22aac4]
V  [jvm.dll+0x283f5a]
C  [msvcr100.dll+0x21d9f]
C  [msvcr100.dll+0x21e3b]
C  [KERNEL32.DLL+0x13d2]
C  [ntdll.dll+0x6e954]


Current CompileTask:
C2:  15440 3471   !   4       com.sun.beans.TypeResolver::resolve (274 bytes)


---------------  P R O C E S S  ---------------

Java Threads: ( => current thread )
  0x000000001c348800 JavaThread "File lock request listener" [_thread_in_native, id=7804, stack(0x000000001cd60000,0x000000001ce60000)]
  0x0000000017836800 JavaThread "Stdin handler" [_thread_blocked, id=8016, stack(0x0000000018f00000,0x0000000019000000)]
  0x0000000017827000 JavaThread "Daemon worker" [_thread_in_vm, id=7088, stack(0x0000000018e00000,0x0000000018f00000)]
  0x0000000017822000 JavaThread "Cancel handler" [_thread_blocked, id=7300, stack(0x0000000018d00000,0x0000000018e00000)]
  0x000000001775b800 JavaThread "Handler for socket connection from /127.0.0.1:63480 to /127.0.0.1:63481" [_thread_in_native, id=2280, stack(0x0000000018c00000,0x0000000018d00000)]
  0x0000000017758800 JavaThread "Daemon" [_thread_blocked, id=4280, stack(0x0000000018b00000,0x0000000018c00000)]
  0x0000000017743800 JavaThread "Incoming local TCP Connector on port 63480" [_thread_in_native, id=7144, stack(0x0000000018750000,0x0000000018850000)]
  0x00000000162f5800 JavaThread "Service Thread" daemon [_thread_blocked, id=5880, stack(0x00000000166a0000,0x00000000167a0000)]
  0x0000000014a94800 JavaThread "C1 CompilerThread2" daemon [_thread_in_native, id=5384, stack(0x00000000161a0000,0x00000000162a0000)]
  0x0000000014a90800 JavaThread "C2 CompilerThread1" daemon [_thread_in_native, id=1956, stack(0x00000000160a0000,0x00000000161a0000)]
=>0x0000000014a8e800 JavaThread "C2 CompilerThread0" daemon [_thread_in_native, id=816, stack(0x0000000015fa0000,0x00000000160a0000)]
  0x0000000014a89800 JavaThread "Attach Listener" daemon [_thread_blocked, id=1464, stack(0x0000000015ea0000,0x0000000015fa0000)]
  0x0000000014a88800 JavaThread "Signal Dispatcher" daemon [_thread_blocked, id=1004, stack(0x0000000015da0000,0x0000000015ea0000)]
  0x0000000002365800 JavaThread "Finalizer" daemon [_thread_blocked, id=3384, stack(0x0000000015ca0000,0x0000000015da0000)]
  0x000000000235b800 JavaThread "Reference Handler" daemon [_thread_blocked, id=5148, stack(0x0000000015ba0000,0x0000000015ca0000)]
  0x000000000096e000 JavaThread "main" [_thread_blocked, id=6196, stack(0x00000000020a0000,0x00000000021a0000)]

Other Threads:
  0x0000000014a05800 VMThread [stack: 0x0000000015aa0000,0x0000000015ba0000] [id=636]
  0x00000000162f9000 WatcherThread [stack: 0x00000000167a0000,0x00000000168a0000] [id=4060]

VM state:not at safepoint (normal execution)

VM Mutex/Monitor currently owned by a thread: None

Heap:
 PSYoungGen      total 98304K, used 59089K [0x00000000eab00000, 0x00000000f1e80000, 0x0000000100000000)
  eden space 92160K, 64% used [0x00000000eab00000,0x00000000ee4b4758,0x00000000f0500000)
  from space 6144K, 0% used [0x00000000f1880000,0x00000000f1880000,0x00000000f1e80000)
  to   space 12800K, 0% used [0x00000000f0580000,0x00000000f0580000,0x00000000f1200000)
 ParOldGen       total 35840K, used 24148K [0x00000000c0000000, 0x00000000c2300000, 0x00000000eab00000)
  object space 35840K, 67% used [0x00000000c0000000,0x00000000c17951f0,0x00000000c2300000)
 Metaspace       used 37839K, capacity 39014K, committed 39168K, reserved 1083392K
  class space    used 5075K, capacity 5505K, committed 5632K, reserved 1048576K

Card table byte_map: [0x0000000011730000,0x0000000011940000] byte_map_base: 0x0000000011130000

Marking Bits: (ParMarkBitMap*) 0x00000000762fb460
 Begin Bits: [0x0000000011ea0000, 0x0000000012ea0000)
 End Bits:   [0x0000000012ea0000, 0x0000000013ea0000)

Polling page: 0x0000000000940000

CodeCache: size=245760Kb used=14536Kb max_used=14536Kb free=231223Kb
 bounds [0x0000000002370000, 0x00000000031b0000, 0x0000000011370000]
 total_blobs=4419 nmethods=3760 adapters=573
 compilation: enabled

Compilation events (10 events):
Event: 15.073 Thread 0x0000000014a94800 3924       2       com.google.common.base.Preconditions::checkArgument (13 bytes)
Event: 15.074 Thread 0x0000000014a94800 nmethod 3924 0x0000000003192f90 code [0x0000000003193100, 0x00000000031932c8]
Event: 15.086 Thread 0x0000000014a94800 3925       2       org.objectweb.asm.Item::a (24 bytes)
Event: 15.086 Thread 0x0000000014a94800 nmethod 3925 0x0000000003193390 code [0x00000000031934e0, 0x0000000003193650]
Event: 15.087 Thread 0x0000000014a94800 3926       2       org.gradle.api.internal.AsmBackedClassGenerator$ClassBuilderImpl::visitType (432 bytes)
Event: 15.090 Thread 0x0000000014a94800 nmethod 3926 0x00000000031936d0 code [0x0000000003193b40, 0x0000000003195218]
Event: 15.152 Thread 0x0000000014a94800 3927       2       org.gradle.api.internal.collections.CollectionFilter::filter (39 bytes)
Event: 15.152 Thread 0x0000000014a94800 nmethod 3927 0x0000000003197210 code [0x00000000031973a0, 0x0000000003197668]
Event: 15.186 Thread 0x0000000014a94800 3928       2       groovyjarjarasm.asm.MethodWriter::<init> (268 bytes)
Event: 15.188 Thread 0x0000000014a94800 nmethod 3928 0x0000000003197810 code [0x00000000031979e0, 0x0000000003198108]

GC Heap History (10 events):
Event: 9.866 GC heap before
{Heap before GC invocations=13 (full 1):
 PSYoungGen      total 66048K, used 66035K [0x00000000eab00000, 0x00000000f0700000, 0x0000000100000000)
  eden space 59392K, 100% used [0x00000000eab00000,0x00000000ee500000,0x00000000ee500000)
  from space 6656K, 99% used [0x00000000ee500000,0x00000000eeb7cf50,0x00000000eeb80000)
  to   space 8704K, 0% used [0x00000000efe80000,0x00000000efe80000,0x00000000f0700000)
 ParOldGen       total 35840K, used 10492K [0x00000000c0000000, 0x00000000c2300000, 0x00000000eab00000)
  object space 35840K, 29% used [0x00000000c0000000,0x00000000c0a3f0d8,0x00000000c2300000)
 Metaspace       used 30838K, capacity 31658K, committed 31744K, reserved 1077248K
  class space    used 4002K, capacity 4326K, committed 4352K, reserved 1048576K
Event: 9.883 GC heap after
Heap after GC invocations=13 (full 1):
 PSYoungGen      total 83456K, used 8680K [0x00000000eab00000, 0x00000000f0980000, 0x0000000100000000)
  eden space 74752K, 0% used [0x00000000eab00000,0x00000000eab00000,0x00000000ef400000)
  from space 8704K, 99% used [0x00000000efe80000,0x00000000f06fa3e0,0x00000000f0700000)
  to   space 10752K, 0% used [0x00000000ef400000,0x00000000ef400000,0x00000000efe80000)
 ParOldGen       total 35840K, used 12377K [0x00000000c0000000, 0x00000000c2300000, 0x00000000eab00000)
  object space 35840K, 34% used [0x00000000c0000000,0x00000000c0c16778,0x00000000c2300000)
 Metaspace       used 30838K, capacity 31658K, committed 31744K, reserved 1077248K
  class space    used 4002K, capacity 4326K, committed 4352K, reserved 1048576K
}
Event: 10.923 GC heap before
{Heap before GC invocations=14 (full 1):
 PSYoungGen      total 83456K, used 59970K [0x00000000eab00000, 0x00000000f0980000, 0x0000000100000000)
  eden space 74752K, 68% used [0x00000000eab00000,0x00000000edd16720,0x00000000ef400000)
  from space 8704K, 99% used [0x00000000efe80000,0x00000000f06fa3e0,0x00000000f0700000)
  to   space 10752K, 0% used [0x00000000ef400000,0x00000000ef400000,0x00000000efe80000)
 ParOldGen       total 35840K, used 12377K [0x00000000c0000000, 0x00000000c2300000, 0x00000000eab00000)
  object space 35840K, 34% used [0x00000000c0000000,0x00000000c0c16778,0x00000000c2300000)
 Metaspace       used 34454K, capacity 35408K, committed 35456K, reserved 1079296K
  class space    used 4592K, capacity 4976K, committed 4992K, reserved 1048576K
Event: 10.954 GC heap after
Heap after GC invocations=14 (full 1):
 PSYoungGen      total 85504K, used 10720K [0x00000000eab00000, 0x00000000f2600000, 0x0000000100000000)
  eden space 74752K, 0% used [0x00000000eab00000,0x00000000eab00000,0x00000000ef400000)
  from space 10752K, 99% used [0x00000000ef400000,0x00000000efe78010,0x00000000efe80000)
  to   space 13824K, 0% used [0x00000000f1880000,0x00000000f1880000,0x00000000f2600000)
 ParOldGen       total 35840K, used 16542K [0x00000000c0000000, 0x00000000c2300000, 0x00000000eab00000)
  object space 35840K, 46% used [0x00000000c0000000,0x00000000c1027920,0x00000000c2300000)
 Metaspace       used 34454K, capacity 35408K, committed 35456K, reserved 1079296K
  class space    used 4592K, capacity 4976K, committed 4992K, reserved 1048576K
}
Event: 10.954 GC heap before
{Heap before GC invocations=15 (full 2):
 PSYoungGen      total 85504K, used 10720K [0x00000000eab00000, 0x00000000f2600000, 0x0000000100000000)
  eden space 74752K, 0% used [0x00000000eab00000,0x00000000eab00000,0x00000000ef400000)
  from space 10752K, 99% used [0x00000000ef400000,0x00000000efe78010,0x00000000efe80000)
  to   space 13824K, 0% used [0x00000000f1880000,0x00000000f1880000,0x00000000f2600000)
 ParOldGen       total 35840K, used 16542K [0x00000000c0000000, 0x00000000c2300000, 0x00000000eab00000)
  object space 35840K, 46% used [0x00000000c0000000,0x00000000c1027920,0x00000000c2300000)
 Metaspace       used 34454K, capacity 35408K, committed 35456K, reserved 1079296K
  class space    used 4592K, capacity 4976K, committed 4992K, reserved 1048576K
Event: 11.190 GC heap after
Heap after GC invocations=15 (full 2):
 PSYoungGen      total 85504K, used 0K [0x00000000eab00000, 0x00000000f2600000, 0x0000000100000000)
  eden space 74752K, 0% used [0x00000000eab00000,0x00000000eab00000,0x00000000ef400000)
  from space 10752K, 0% used [0x00000000ef400000,0x00000000ef400000,0x00000000efe80000)
  to   space 13824K, 0% used [0x00000000f1880000,0x00000000f1880000,0x00000000f2600000)
 ParOldGen       total 35840K, used 21099K [0x00000000c0000000, 0x00000000c2300000, 0x00000000eab00000)
  object space 35840K, 58% used [0x00000000c0000000,0x00000000c149ade0,0x00000000c2300000)
 Metaspace       used 34454K, capacity 35408K, committed 35456K, reserved 1079296K
  class space    used 4592K, capacity 4976K, committed 4992K, reserved 1048576K
}
Event: 12.896 GC heap before
{Heap before GC invocations=16 (full 2):
 PSYoungGen      total 85504K, used 39404K [0x00000000eab00000, 0x00000000f2600000, 0x0000000100000000)
  eden space 74752K, 52% used [0x00000000eab00000,0x00000000ed17b048,0x00000000ef400000)
  from space 10752K, 0% used [0x00000000ef400000,0x00000000ef400000,0x00000000efe80000)
  to   space 13824K, 0% used [0x00000000f1880000,0x00000000f1880000,0x00000000f2600000)
 ParOldGen       total 35840K, used 21099K [0x00000000c0000000, 0x00000000c2300000, 0x00000000eab00000)
  object space 35840K, 58% used [0x00000000c0000000,0x00000000c149ade0,0x00000000c2300000)
 Metaspace       used 36507K, capacity 37476K, committed 37504K, reserved 1085440K
  class space    used 4874K, capacity 5239K, committed 5248K, reserved 1048576K
Event: 12.918 GC heap after
Heap after GC invocations=16 (full 2):
 PSYoungGen      total 98304K, used 5805K [0x00000000eab00000, 0x00000000f1e80000, 0x0000000100000000)
  eden space 92160K, 0% used [0x00000000eab00000,0x00000000eab00000,0x00000000f0500000)
  from space 6144K, 94% used [0x00000000f1880000,0x00000000f1e2b718,0x00000000f1e80000)
  to   space 12800K, 0% used [0x00000000f0580000,0x00000000f0580000,0x00000000f1200000)
 ParOldGen       total 35840K, used 21107K [0x00000000c0000000, 0x00000000c2300000, 0x00000000eab00000)
  object space 35840K, 58% used [0x00000000c0000000,0x00000000c149cde0,0x00000000c2300000)
 Metaspace       used 36507K, capacity 37476K, committed 37504K, reserved 1085440K
  class space    used 4874K, capacity 5239K, committed 5248K, reserved 1048576K
}
Event: 12.918 GC heap before
{Heap before GC invocations=17 (full 3):
 PSYoungGen      total 98304K, used 5805K [0x00000000eab00000, 0x00000000f1e80000, 0x0000000100000000)
  eden space 92160K, 0% used [0x00000000eab00000,0x00000000eab00000,0x00000000f0500000)
  from space 6144K, 94% used [0x00000000f1880000,0x00000000f1e2b718,0x00000000f1e80000)
  to   space 12800K, 0% used [0x00000000f0580000,0x00000000f0580000,0x00000000f1200000)
 ParOldGen       total 35840K, used 21107K [0x00000000c0000000, 0x00000000c2300000, 0x00000000eab00000)
  object space 35840K, 58% used [0x00000000c0000000,0x00000000c149cde0,0x00000000c2300000)
 Metaspace       used 36507K, capacity 37476K, committed 37504K, reserved 1085440K
  class space    used 4874K, capacity 5239K, committed 5248K, reserved 1048576K
Event: 13.349 GC heap after
Heap after GC invocations=17 (full 3):
 PSYoungGen      total 98304K, used 0K [0x00000000eab00000, 0x00000000f1e80000, 0x0000000100000000)
  eden space 92160K, 0% used [0x00000000eab00000,0x00000000eab00000,0x00000000f0500000)
  from space 6144K, 0% used [0x00000000f1880000,0x00000000f1880000,0x00000000f1e80000)
  to   space 12800K, 0% used [0x00000000f0580000,0x00000000f0580000,0x00000000f1200000)
 ParOldGen       total 35840K, used 24148K [0x00000000c0000000, 0x00000000c2300000, 0x00000000eab00000)
  object space 35840K, 67% used [0x00000000c0000000,0x00000000c17951f0,0x00000000c2300000)
 Metaspace       used 36507K, capacity 37476K, committed 37504K, reserved 1083392K
  class space    used 4874K, capacity 5239K, committed 5248K, reserved 1048576K
}

Deoptimization events (10 events):
Event: 11.840 Thread 0x0000000017827000 Uncommon trap: reason=class_check action=maybe_recompile pc=0x0000000002a3e4e8 method=java.lang.Throwable.<init>(Ljava/lang/Throwable;)V @ 24
Event: 12.098 Thread 0x0000000017827000 Uncommon trap: reason=bimorphic action=maybe_recompile pc=0x0000000002ff4ad4 method=java.util.regex.Pattern$Curly.match0(Ljava/util/regex/Matcher;IILjava/lang/CharSequence;)Z @ 170
Event: 12.099 Thread 0x0000000017827000 Uncommon trap: reason=bimorphic action=maybe_recompile pc=0x0000000002ff49e0 method=java.util.regex.Pattern$Curly.match(Ljava/util/regex/Matcher;ILjava/lang/CharSequence;)Z @ 19
Event: 12.233 Thread 0x0000000017827000 Uncommon trap: reason=bimorphic action=maybe_recompile pc=0x0000000002ff2860 method=java.util.regex.Pattern$5.isSatisfiedBy(I)Z @ 16
Event: 12.233 Thread 0x0000000017827000 Uncommon trap: reason=bimorphic action=maybe_recompile pc=0x0000000002ff2860 method=java.util.regex.Pattern$5.isSatisfiedBy(I)Z @ 16
Event: 12.234 Thread 0x0000000017827000 Uncommon trap: reason=bimorphic action=maybe_recompile pc=0x0000000002ff2860 method=java.util.regex.Pattern$5.isSatisfiedBy(I)Z @ 16
Event: 12.234 Thread 0x0000000017827000 Uncommon trap: reason=bimorphic action=maybe_recompile pc=0x0000000002ff2860 method=java.util.regex.Pattern$5.isSatisfiedBy(I)Z @ 16
Event: 12.234 Thread 0x0000000017827000 Uncommon trap: reason=bimorphic action=maybe_recompile pc=0x0000000002ff2860 method=java.util.regex.Pattern$5.isSatisfiedBy(I)Z @ 16
Event: 12.343 Thread 0x0000000017827000 Uncommon trap: reason=bimorphic action=maybe_recompile pc=0x00000000025525f0 method=java.util.Properties$LineReader.readLine()I @ 410
Event: 12.674 Thread 0x0000000017827000 Uncommon trap: reason=unloaded action=reinterpret pc=0x0000000003032a08 method=groovy.lang.MetaClassImpl.checkIfStdMethod(Lgroovy/lang/MetaMethod;)V @ 171

Internal exceptions (10 events):
Event: 15.183 Thread 0x0000000017827000 Exception <a 'java/lang/ClassNotFoundException': com/android/build/gradle/internal/core/GradleVariantConfigurationCustomizer> (0x00000000ed83fbb8) thrown at [D:\re\workspace\8-2-build-windows-amd64-cygwin\jdk8u20\1074\hotspot\src\share\vm\classfile\systemD8@L®ùb.@
Event: 15.193 Thread 0x0000000017827000 Exception <a 'java/security/PrivilegedActionException'> (0x00000000ed87dba8) thrown at [D:\re\workspace\8-2-build-windows-amd64-cygwin\jdk8u20\1074\hotspot\src\share\vm\prims\jvm.cpp, line 1275]
Event: 15.193 Thread 0x0000000017827000 Exception <a 'java/security/PrivilegedActionException'> (0x00000000ed87ed08) thrown at [D:\re\workspace\8-2-build-windows-amd64-cygwin\jdk8u20\1074\hotspot\src\share\vm\prims\jvm.cpp, line 1275]
Event: 15.193 Thread 0x0000000017827000 Exception <a 'java/security/PrivilegedActionException'> (0x00000000ed884b88) thrown at [D:\re\workspace\8-2-build-windows-amd64-cygwin\jdk8u20\1074\hotspot\src\share\vm\prims\jvm.cpp, line 1275]
Event: 15.194 Thread 0x0000000017827000 Exception <a 'java/security/PrivilegedActionException'> (0x00000000ed891688) thrown at [D:\re\workspace\8-2-build-windows-amd64-cygwin\jdk8u20\1074\hotspot\src\share\vm\prims\jvm.cpp, line 1275]
Event: 15.194 Thread 0x0000000017827000 Exception <a 'java/security/PrivilegedActionException'> (0x00000000ed892698) thrown at [D:\re\workspace\8-2-build-windows-amd64-cygwin\jdk8u20\1074\hotspot\src\share\vm\prims\jvm.cpp, line 1275]
Event: 15.194 Thread 0x0000000017827000 Exception <a 'java/security/PrivilegedActionException'> (0x00000000ed896c20) thrown at [D:\re\workspace\8-2-build-windows-amd64-cygwin\jdk8u20\1074\hotspot\src\share\vm\prims\jvm.cpp, line 1275]
Event: 15.195 Thread 0x0000000017827000 Exception <a 'java/security/PrivilegedActionException'> (0x00000000ed8a04d0) thrown at [D:\re\workspace\8-2-build-windows-amd64-cygwin\jdk8u20\1074\hotspot\src\share\vm\prims\jvm.cpp, line 1275]
Event: 15.195 Thread 0x0000000017827000 Exception <a 'java/security/PrivilegedActionException'> (0x00000000ed8a1630) thrown at [D:\re\workspace\8-2-build-windows-amd64-cygwin\jdk8u20\1074\hotspot\src\share\vm\prims\jvm.cpp, line 1275]
Event: 15.195 Thread 0x0000000017827000 Exception <a 'java/security/PrivilegedActionException'> (0x00000000ed8a74a8) thrown at [D:\re\workspace\8-2-build-windows-amd64-cygwin\jdk8u20\1074\hotspot\src\share\vm\prims\jvm.cpp, line 1275]

Events (10 events):
Event: 15.182 loading class com/android/build/gradle/internal/core/GradleVariantConfigurationCustomizer
Event: 15.182 loading class com/android/build/gradle/internal/core/GradleVariantConfigurationCustomizer done
Event: 15.182 loading class com/android/build/gradle/internal/core/GradleVariantConfigurationCustomizer
Event: 15.182 loading class com/android/build/gradle/internal/core/GradleVariantConfigurationCustomizer done
Event: 15.193 loading class org/gradle/language/base/internal/compile/CompileSpec
Event: 15.193 loading class org/gradle/language/base/internal/compile/CompileSpec done
Event: 15.194 loading class org/gradle/platform/base/Platform
Event: 15.194 loading class org/gradle/platform/base/Platform done
Event: 15.195 loading class org/gradle/api/internal/tasks/compile/JavaCompileSpec
Event: 15.195 loading class org/gradle/api/internal/tasks/compile/JavaCompileSpec done


Dynamic libraries:
0x00007ff6b2ad0000 - 0x00007ff6b2b04000 	D:\Program Files\Java\jdk1.8.0_20\bin\java.exe
0x00007ff9921a0000 - 0x00007ff99234c000 	C:\Windows\SYSTEM32\ntdll.dll
0x00007ff991cf0000 - 0x00007ff991e2e000 	C:\Windows\system32\KERNEL32.DLL
0x00007ff98f700000 - 0x00007ff98f815000 	C:\Windows\system32\KERNELBASE.dll
0x00007ff98de90000 - 0x00007ff98df1e000 	C:\Windows\system32\apphelp.dll
0x00007ff97c9f0000 - 0x00007ff97cabf000 	C:\Windows\AppPatch\AppPatch64\EMET64.dll
0x00007ff98fbb0000 - 0x00007ff98fc5a000 	C:\Windows\system32\msvcrt.dll
0x00007ff991a20000 - 0x00007ff991aca000 	C:\Windows\system32\ADVAPI32.dll
0x00007ff9901a0000 - 0x00007ff9901f9000 	C:\Windows\SYSTEM32\sechost.dll
0x00007ff9902d0000 - 0x00007ff990411000 	C:\Windows\system32\RPCRT4.dll
0x00007ff974f90000 - 0x00007ff974fe3000 	C:\Windows\AppPatch\AppPatch64\AcGenral.DLL
0x00007ff98f0b0000 - 0x00007ff98f0de000 	C:\Windows\SYSTEM32\SspiCli.dll
0x00007ff98ff70000 - 0x00007ff98ffc4000 	C:\Windows\system32\SHLWAPI.dll
0x00007ff991e30000 - 0x00007ff991fa7000 	C:\Windows\system32\USER32.dll
0x00007ff98f830000 - 0x00007ff98f9c4000 	C:\Windows\system32\ole32.dll
0x00007ff990420000 - 0x00007ff991938000 	C:\Windows\system32\SHELL32.dll
0x00007ff98e870000 - 0x00007ff98e891000 	C:\Windows\SYSTEM32\USERENV.dll
0x00007ff986e50000 - 0x00007ff986e6e000 	C:\Windows\SYSTEM32\MPR.dll
0x00007ff991ad0000 - 0x00007ff991ce1000 	C:\Windows\SYSTEM32\combase.dll
0x00007ff990040000 - 0x00007ff990191000 	C:\Windows\system32\GDI32.dll
0x00007ff98f2f0000 - 0x00007ff98f305000 	C:\Windows\SYSTEM32\profapi.dll
0x00007ff98ddd0000 - 0x00007ff98de82000 	C:\Windows\SYSTEM32\SHCORE.dll
0x00007ff9920f0000 - 0x00007ff992126000 	C:\Windows\system32\IMM32.DLL
0x00007ff98fe10000 - 0x00007ff98ff62000 	C:\Windows\system32\MSCTF.dll
0x00007ff98d080000 - 0x00007ff98d2fb000 	C:\Windows\WinSxS\amd64_microsoft.windows.common-controls_6595b64144ccf1df_6.0.9600.17415_none_6240486fecbd8abb\COMCTL32.dll
0x0000000076380000 - 0x0000000076452000 	D:\Program Files\Java\jdk1.8.0_20\jre\bin\msvcr100.dll
0x0000000075b20000 - 0x0000000076378000 	D:\Program Files\Java\jdk1.8.0_20\jre\bin\server\jvm.dll
0x00007ff986e70000 - 0x00007ff986e79000 	C:\Windows\SYSTEM32\WSOCK32.dll
0x00007ff98af80000 - 0x00007ff98afa2000 	C:\Windows\SYSTEM32\WINMM.dll
0x00007ff98ffd0000 - 0x00007ff98ffd7000 	C:\Windows\system32\PSAPI.DLL
0x00007ff98ffe0000 - 0x00007ff99003a000 	C:\Windows\system32\WS2_32.dll
0x00007ff98cfc0000 - 0x00007ff98cfea000 	C:\Windows\SYSTEM32\WINMMBASE.dll
0x00007ff98f820000 - 0x00007ff98f829000 	C:\Windows\system32\NSI.dll
0x00007ff98f650000 - 0x00007ff98f69f000 	C:\Windows\SYSTEM32\cfgmgr32.dll
0x00007ff98e110000 - 0x00007ff98e138000 	C:\Windows\SYSTEM32\DEVOBJ.dll
0x00000000500c0000 - 0x00000000500cf000 	D:\Program Files\Java\jdk1.8.0_20\jre\bin\verify.dll
0x0000000050090000 - 0x00000000500b8000 	D:\Program Files\Java\jdk1.8.0_20\jre\bin\java.dll
0x0000000050070000 - 0x0000000050086000 	D:\Program Files\Java\jdk1.8.0_20\jre\bin\zip.dll
0x00007ff98ec60000 - 0x00007ff98ec80000 	C:\Windows\SYSTEM32\CRYPTSP.dll
0x00007ff98e7b0000 - 0x00007ff98e7e6000 	C:\Windows\system32\rsaenh.dll
0x00007ff98edb0000 - 0x00007ff98edd6000 	C:\Windows\SYSTEM32\bcrypt.dll
0x00007ff98f150000 - 0x00007ff98f1b3000 	C:\Windows\system32\bcryptprimitives.dll
0x00007ff98f1c0000 - 0x00007ff98f1cb000 	C:\Windows\SYSTEM32\CRYPTBASE.dll
0x0000000050050000 - 0x000000005006a000 	D:\Program Files\Java\jdk1.8.0_20\jre\bin\net.dll
0x00007ff98e9b0000 - 0x00007ff98ea09000 	C:\Windows\system32\mswsock.dll
0x00007ff9891b0000 - 0x00007ff9891da000 	C:\Windows\SYSTEM32\IPHLPAPI.DLL
0x00007ff9890f0000 - 0x00007ff9890fa000 	C:\Windows\SYSTEM32\WINNSI.DLL
0x00007ff988ee0000 - 0x00007ff988ef6000 	C:\Windows\SYSTEM32\dhcpcsvc6.DLL
0x00007ff988ec0000 - 0x00007ff988eda000 	C:\Windows\SYSTEM32\dhcpcsvc.DLL
0x0000000050030000 - 0x0000000050041000 	D:\Program Files\Java\jdk1.8.0_20\jre\bin\nio.dll
0x00007ff979f30000 - 0x00007ff979f42000 	C:\Users\Gil\AppData\Local\Temp\native-platform989520613815539306dir\native-platform.dll
0x00007ff97f260000 - 0x00007ff97f3ea000 	C:\Windows\SYSTEM32\dbghelp.dll

VM Arguments:
jvm_args: -XX:MaxPermSize=256m -XX:+HeapDumpOnOutOfMemoryError -Xmx1024m -Dfile.encoding=windows-1255 -Duser.country=US -Duser.language=en -Duser.variant 
java_command: org.gradle.launcher.daemon.bootstrap.GradleDaemon 2.2.1 C:\Users\Gil\.gradle\daemon 10800000 9395518d-c952-489a-95f9-48f45bd0009e -XX:MaxPermSize=256m -XX:+HeapDumpOnOutOfMemoryError -Xmx1024m -Dfile.encoding=windows-1255 -Duser.country=US -Duser.language=en -Duser.variant
java_class_path (initial): D:\Program Files\Android\Android Studio\gradle\gradle-2.2.1\lib\gradle-launcher-2.2.1.jar
Launcher Type: SUN_STANDARD

Environment Variables:
PATH=C:\ProgramData\Oracle\Java\javapath;C:\Program Files (x86)\NVIDIA Corporation\PhysX\Common;C:\Windows\system32;C:\Windows;C:\Windows\System32\Wbem;C:\Windows\System32\WindowsPowerShell\v1.0\;C:\Program Files\nodejs\;C:\Program Files (x86)\Android\android-sdk\platform-tools;C:\Users\Gil\AppData\Roaming\npm
USERNAME=Gil
OS=Windows_NT
PROCESSOR_IDENTIFIER=Intel64 Family 6 Model 37 Stepping 5, GenuineIntel



---------------  S Y S T E M  ---------------

OS: Windows 8.1 , 64 bit Build 9600 

CPU:total 4 (2 cores per cpu, 2 threads per core) family 6 model 37 stepping 5, cmov, cx8, fxsr, mmx, sse, sse2, sse3, ssse3, sse4.1, sse4.2, popcnt, aes, clmul, ht, tsc, tscinvbit

Memory: 4k page, physical 4054060k(154704k free), swap 7199788k(5348k free)

vm_info: Java HotSpot(TM) 64-Bit Server VM (25.20-b23) for windows-amd64 JRE (1.8.0_20-b26), built on Jul 30 2014 13:51:23 by "java_re" with MS VC++ 10.0 (VS2010)

time: Fri Apr 03 00:16:41 2015
elapsed time: 15 seconds (0d 0h 0m 15s)

