#
# There is insufficient memory for the Java Runtime Environment to continue.
# Native memory allocation (malloc) failed to allocate 84656 bytes for Chunk::new
# Possible reasons:
#   The system is out of physical RAM or swap space
#   In 32 bit mode, the process size limit was hit
# Possible solutions:
#   Reduce memory load on the system
#   Increase physical memory or swap space
#   Check if swap backing store is full
#   Use 64 bit Java on a 64 bit OS
#   Decrease Java heap size (-Xmx/-Xms)
#   Decrease number of Java threads
#   Decrease Java thread stack sizes (-Xss)
#   Set larger code cache with -XX:ReservedCodeCacheSize=
# This output file may be truncated or incomplete.
#
#  Out of Memory Error (allocation.cpp:390), pid=5560, tid=5472
#
# JRE version: Java(TM) SE Runtime Environment (8.0_20-b26) (build 1.8.0_20-b26)
# Java VM: Java HotSpot(TM) 64-Bit Server VM (25.20-b23 mixed mode windows-amd64 compressed oops)
# Failed to write core dump. Minidumps are not enabled by default on client versions of Windows
#

---------------  T H R E A D  ---------------

Current thread (0x0000000015e98800):  JavaThread "C2 CompilerThread1" daemon [_thread_in_native, id=5472, stack(0x0000000016290000,0x0000000016390000)]

Stack: [0x0000000016290000,0x0000000016390000]
Native frames: (J=compiled Java code, j=interpreted, Vv=VM code, C=native code)
V  [jvm.dll+0x3152fa]


Current CompileTask:
C2:   5438 2163   !   4       java.net.URLClassLoader$1::run (73 bytes)


---------------  P R O C E S S  ---------------

Java Threads: ( => current thread )
  0x00000000175ed800 JavaThread "Stdin handler" [_thread_blocked, id=6940, stack(0x0000000018c70000,0x0000000018d70000)]
  0x00000000175fb800 JavaThread "Daemon worker" [_thread_in_Java, id=6400, stack(0x0000000018b70000,0x0000000018c70000)]
  0x000000001760a000 JavaThread "Cancel handler" [_thread_blocked, id=4428, stack(0x0000000018a70000,0x0000000018b70000)]
  0x000000001744e800 JavaThread "Handler for socket connection from /127.0.0.1:63439 to /127.0.0.1:63440" [_thread_in_native, id=6668, stack(0x0000000018970000,0x0000000018a70000)]
  0x000000001744d800 JavaThread "Daemon" [_thread_blocked, id=2672, stack(0x0000000018870000,0x0000000018970000)]
  0x00000000172bf000 JavaThread "Incoming local TCP Connector on port 63439" [_thread_in_native, id=3096, stack(0x0000000018540000,0x0000000018640000)]
  0x000000001487d000 JavaThread "Service Thread" daemon [_thread_blocked, id=8008, stack(0x0000000016490000,0x0000000016590000)]
  0x0000000015e99000 JavaThread "C1 CompilerThread2" daemon [_thread_in_native, id=3412, stack(0x0000000016390000,0x0000000016490000)]
=>0x0000000015e98800 JavaThread "C2 CompilerThread1" daemon [_thread_in_native, id=5472, stack(0x0000000016290000,0x0000000016390000)]
  0x000000001486b800 JavaThread "C2 CompilerThread0" daemon [_thread_in_native, id=5660, stack(0x0000000015d90000,0x0000000015e90000)]
  0x000000001486a800 JavaThread "Attach Listener" daemon [_thread_blocked, id=3672, stack(0x0000000015c90000,0x0000000015d90000)]
  0x000000001481a800 JavaThread "Signal Dispatcher" daemon [_thread_blocked, id=5700, stack(0x0000000015b90000,0x0000000015c90000)]
  0x0000000002068000 JavaThread "Finalizer" daemon [_thread_blocked, id=2984, stack(0x0000000015a90000,0x0000000015b90000)]
  0x000000000205e000 JavaThread "Reference Handler" daemon [_thread_blocked, id=4748, stack(0x0000000015990000,0x0000000015a90000)]
  0x000000000214e000 JavaThread "main" [_thread_blocked, id=7844, stack(0x0000000001e10000,0x0000000001f10000)]

Other Threads:
  0x00000000147e6800 VMThread [stack: 0x0000000015890000,0x0000000015990000] [id=5220]
  0x000000001487e800 WatcherThread [stack: 0x0000000016590000,0x0000000016690000] [id=520]

VM state:not at safepoint (normal execution)

VM Mutex/Monitor currently owned by a thread: None

Heap:
 PSYoungGen      total 69632K, used 5836K [0x00000000eab00000, 0x00000000f0100000, 0x0000000100000000)
  eden space 62464K, 3% used [0x00000000eab00000,0x00000000ead625b0,0x00000000ee800000)
  from space 7168K, 47% used [0x00000000eee80000,0x00000000ef1d0b78,0x00000000ef580000)
  to   space 6656K, 0% used [0x00000000ee800000,0x00000000ee800000,0x00000000eee80000)
 ParOldGen       total 35840K, used 9502K [0x00000000c0000000, 0x00000000c2300000, 0x00000000eab00000)
  object space 35840K, 26% used [0x00000000c0000000,0x00000000c0947b48,0x00000000c2300000)
 Metaspace       used 23210K, capacity 23784K, committed 23936K, reserved 1071104K
  class space    used 2983K, capacity 3191K, committed 3200K, reserved 1048576K

Card table byte_map: [0x0000000011510000,0x0000000011720000] byte_map_base: 0x0000000010f10000

Marking Bits: (ParMarkBitMap*) 0x00000000762fb460
 Begin Bits: [0x0000000011c80000, 0x0000000012c80000)
 End Bits:   [0x0000000012c80000, 0x0000000013c80000)

Polling page: 0x0000000001f10000

CodeCache: size=245760Kb used=9133Kb max_used=9133Kb free=236626Kb
 bounds [0x0000000002150000, 0x0000000002a50000, 0x0000000011150000]
 total_blobs=2845 nmethods=2229 adapters=530
 compilation: enabled

Compilation events (10 events):
Event: 5.357 Thread 0x0000000015e99000 nmethod 2215 0x000000000227a1d0 code [0x000000000227a360, 0x000000000227a7c8]
Event: 5.358 Thread 0x0000000015e99000 2216       3       java.util.zip.ZipCoder::<init> (27 bytes)
Event: 5.358 Thread 0x0000000015e99000 nmethod 2216 0x0000000002279b10 code [0x0000000002279c80, 0x000000000227a068]
Event: 5.358 Thread 0x0000000015e99000 2220       3       sun.nio.cs.UTF_8$Encoder::<init> (16 bytes)
Event: 5.358 Thread 0x0000000015e99000 nmethod 2220 0x00000000022795d0 code [0x0000000002279760, 0x0000000002279a08]
Event: 5.359 Thread 0x0000000015e99000 2217       3       java.io.File::lastModified (33 bytes)
Event: 5.359 Thread 0x0000000015e99000 nmethod 2217 0x0000000002278ed0 code [0x0000000002279060, 0x0000000002279488]
Event: 5.359 Thread 0x0000000015e99000 2219       3       sun.nio.cs.UTF_8$Encoder::<init> (6 bytes)
Event: 5.360 Thread 0x0000000015e99000 nmethod 2219 0x0000000002278890 code [0x0000000002278a40, 0x0000000002278d48]
Event: 5.360 Thread 0x0000000015e99000 2221       3       java.util.ArrayDeque::<init> (14 bytes)

GC Heap History (10 events):
Event: 4.274 GC heap before
{Heap before GC invocations=7 (full 0):
 PSYoungGen      total 37888K, used 24046K [0x00000000eab00000, 0x00000000ed600000, 0x0000000100000000)
  eden space 31744K, 61% used [0x00000000eab00000,0x00000000ebe37400,0x00000000eca00000)
  from space 6144K, 71% used [0x00000000ed000000,0x00000000ed444780,0x00000000ed600000)
  to   space 6144K, 0% used [0x00000000eca00000,0x00000000eca00000,0x00000000ed000000)
 ParOldGen       total 42496K, used 8465K [0x00000000c0000000, 0x00000000c2980000, 0x00000000eab00000)
  object space 42496K, 19% used [0x00000000c0000000,0x00000000c08446b0,0x00000000c2980000)
 Metaspace       used 20880K, capacity 21166K, committed 21296K, reserved 1067008K
  class space    used 2824K, capacity 2929K, committed 2944K, reserved 1048576K
Event: 4.281 GC heap after
Heap after GC invocations=7 (full 0):
 PSYoungGen      total 37888K, used 5095K [0x00000000eab00000, 0x00000000ef500000, 0x0000000100000000)
  eden space 31744K, 0% used [0x00000000eab00000,0x00000000eab00000,0x00000000eca00000)
  from space 6144K, 82% used [0x00000000eca00000,0x00000000ecef9cf0,0x00000000ed000000)
  to   space 6144K, 0% used [0x00000000eef00000,0x00000000eef00000,0x00000000ef500000)
 ParOldGen       total 42496K, used 9312K [0x00000000c0000000, 0x00000000c2980000, 0x00000000eab00000)
  object space 42496K, 21% used [0x00000000c0000000,0x00000000c0918200,0x00000000c2980000)
 Metaspace       used 20880K, capacity 21166K, committed 21296K, reserved 1067008K
  class space    used 2824K, capacity 2929K, committed 2944K, reserved 1048576K
}
Event: 4.281 GC heap before
{Heap before GC invocations=8 (full 1):
 PSYoungGen      total 37888K, used 5095K [0x00000000eab00000, 0x00000000ef500000, 0x0000000100000000)
  eden space 31744K, 0% used [0x00000000eab00000,0x00000000eab00000,0x00000000eca00000)
  from space 6144K, 82% used [0x00000000eca00000,0x00000000ecef9cf0,0x00000000ed000000)
  to   space 6144K, 0% used [0x00000000eef00000,0x00000000eef00000,0x00000000ef500000)
 ParOldGen       total 42496K, used 9312K [0x00000000c0000000, 0x00000000c2980000, 0x00000000eab00000)
  object space 42496K, 21% used [0x00000000c0000000,0x00000000c0918200,0x00000000c2980000)
 Metaspace       used 20880K, capacity 21166K, committed 21296K, reserved 1067008K
  class space    used 2824K, capacity 2929K, committed 2944K, reserved 1048576K
Event: 4.341 GC heap after
Heap after GC invocations=8 (full 1):
 PSYoungGen      total 37888K, used 0K [0x00000000eab00000, 0x00000000ef500000, 0x0000000100000000)
  eden space 31744K, 0% used [0x00000000eab00000,0x00000000eab00000,0x00000000eca00000)
  from space 6144K, 0% used [0x00000000eca00000,0x00000000eca00000,0x00000000ed000000)
  to   space 6144K, 0% used [0x00000000eef00000,0x00000000eef00000,0x00000000ef500000)
 ParOldGen       total 35840K, used 9478K [0x00000000c0000000, 0x00000000c2300000, 0x00000000eab00000)
  object space 35840K, 26% used [0x00000000c0000000,0x00000000c0941b48,0x00000000c2300000)
 Metaspace       used 20878K, capacity 21164K, committed 21296K, reserved 1067008K
  class space    used 2824K, capacity 2928K, committed 2944K, reserved 1048576K
}
Event: 4.615 GC heap before
{Heap before GC invocations=9 (full 1):
 PSYoungGen      total 37888K, used 31744K [0x00000000eab00000, 0x00000000ef500000, 0x0000000100000000)
  eden space 31744K, 100% used [0x00000000eab00000,0x00000000eca00000,0x00000000eca00000)
  from space 6144K, 0% used [0x00000000eca00000,0x00000000eca00000,0x00000000ed000000)
  to   space 6144K, 0% used [0x00000000eef00000,0x00000000eef00000,0x00000000ef500000)
 ParOldGen       total 35840K, used 9478K [0x00000000c0000000, 0x00000000c2300000, 0x00000000eab00000)
  object space 35840K, 26% used [0x00000000c0000000,0x00000000c0941b48,0x00000000c2300000)
 Metaspace       used 21078K, capacity 21452K, committed 21760K, reserved 1069056K
  class space    used 2832K, capacity 2960K, committed 3072K, reserved 1048576K
Event: 4.616 GC heap after
Heap after GC invocations=9 (full 1):
 PSYoungGen      total 49152K, used 576K [0x00000000eab00000, 0x00000000ef000000, 0x0000000100000000)
  eden space 48128K, 0% used [0x00000000eab00000,0x00000000eab00000,0x00000000eda00000)
  from space 1024K, 56% used [0x00000000eef00000,0x00000000eef90020,0x00000000ef000000)
  to   space 6656K, 0% used [0x00000000ee300000,0x00000000ee300000,0x00000000ee980000)
 ParOldGen       total 35840K, used 9486K [0x00000000c0000000, 0x00000000c2300000, 0x00000000eab00000)
  object space 35840K, 26% used [0x00000000c0000000,0x00000000c0943b48,0x00000000c2300000)
 Metaspace       used 21078K, capacity 21452K, committed 21760K, reserved 1069056K
  class space    used 2832K, capacity 2960K, committed 3072K, reserved 1048576K
}
Event: 4.851 GC heap before
{Heap before GC invocations=10 (full 1):
 PSYoungGen      total 49152K, used 48704K [0x00000000eab00000, 0x00000000ef000000, 0x0000000100000000)
  eden space 48128K, 100% used [0x00000000eab00000,0x00000000eda00000,0x00000000eda00000)
  from space 1024K, 56% used [0x00000000eef00000,0x00000000eef90020,0x00000000ef000000)
  to   space 6656K, 0% used [0x00000000ee300000,0x00000000ee300000,0x00000000ee980000)
 ParOldGen       total 35840K, used 9486K [0x00000000c0000000, 0x00000000c2300000, 0x00000000eab00000)
  object space 35840K, 26% used [0x00000000c0000000,0x00000000c0943b48,0x00000000c2300000)
 Metaspace       used 21131K, capacity 21452K, committed 21760K, reserved 1069056K
  class space    used 2832K, capacity 2960K, committed 3072K, reserved 1048576K
Event: 4.852 GC heap after
Heap after GC invocations=10 (full 1):
 PSYoungGen      total 64000K, used 672K [0x00000000eab00000, 0x00000000ef580000, 0x0000000100000000)
  eden space 57344K, 0% used [0x00000000eab00000,0x00000000eab00000,0x00000000ee300000)
  from space 6656K, 10% used [0x00000000ee300000,0x00000000ee3a8020,0x00000000ee980000)
  to   space 7168K, 0% used [0x00000000eee80000,0x00000000eee80000,0x00000000ef580000)
 ParOldGen       total 35840K, used 9494K [0x00000000c0000000, 0x00000000c2300000, 0x00000000eab00000)
  object space 35840K, 26% used [0x00000000c0000000,0x00000000c0945b48,0x00000000c2300000)
 Metaspace       used 21131K, capacity 21452K, committed 21760K, reserved 1069056K
  class space    used 2832K, capacity 2960K, committed 3072K, reserved 1048576K
}
Event: 5.342 GC heap before
{Heap before GC invocations=11 (full 1):
 PSYoungGen      total 64000K, used 58016K [0x00000000eab00000, 0x00000000ef580000, 0x0000000100000000)
  eden space 57344K, 100% used [0x00000000eab00000,0x00000000ee300000,0x00000000ee300000)
  from space 6656K, 10% used [0x00000000ee300000,0x00000000ee3a8020,0x00000000ee980000)
  to   space 7168K, 0% used [0x00000000eee80000,0x00000000eee80000,0x00000000ef580000)
 ParOldGen       total 35840K, used 9494K [0x00000000c0000000, 0x00000000c2300000, 0x00000000eab00000)
  object space 35840K, 26% used [0x00000000c0000000,0x00000000c0945b48,0x00000000c2300000)
 Metaspace       used 23102K, capacity 23574K, committed 23936K, reserved 1071104K
  class space    used 2967K, capacity 3125K, committed 3200K, reserved 1048576K
Event: 5.351 GC heap after
Heap after GC invocations=11 (full 1):
 PSYoungGen      total 69632K, used 3394K [0x00000000eab00000, 0x00000000f0100000, 0x0000000100000000)
  eden space 62464K, 0% used [0x00000000eab00000,0x00000000eab00000,0x00000000ee800000)
  from space 7168K, 47% used [0x00000000eee80000,0x00000000ef1d0b78,0x00000000ef580000)
  to   space 6656K, 0% used [0x00000000ee800000,0x00000000ee800000,0x00000000eee80000)
 ParOldGen       total 35840K, used 9502K [0x00000000c0000000, 0x00000000c2300000, 0x00000000eab00000)
  object space 35840K, 26% used [0x00000000c0000000,0x00000000c0947b48,0x00000000c2300000)
 Metaspace       used 23102K, capacity 23574K, committed 23936K, reserved 1071104K
  class space    used 2967K, capacity 3125K, committed 3200K, reserved 1048576K
}

Deoptimization events (10 events):
Event: 3.319 Thread 0x00000000175fb800 Uncommon trap: reason=class_check action=maybe_recompile pc=0x00000000024c3df4 method=java.util.HashMap.putVal(ILjava/lang/Object;Ljava/lang/Object;ZZ)Ljava/lang/Object; @ 203
Event: 3.880 Thread 0x00000000175fb800 Uncommon trap: reason=unreached action=reinterpret pc=0x0000000002444518 method=java.lang.AbstractStringBuilder.append(Ljava/lang/String;)Ljava/lang/AbstractStringBuilder; @ 1
Event: 3.880 Thread 0x00000000175fb800 Uncommon trap: reason=unreached action=reinterpret pc=0x00000000023b71a8 method=java.lang.AbstractStringBuilder.append(Ljava/lang/String;)Ljava/lang/AbstractStringBuilder; @ 1
Event: 5.015 Thread 0x00000000175fb800 Uncommon trap: reason=unreached action=reinterpret pc=0x000000000286ce5c method=org.codehaus.groovy.ast.ClassNode.redirect()Lorg/codehaus/groovy/ast/ClassNode; @ 4
Event: 5.082 Thread 0x00000000175fb800 Uncommon trap: reason=unreached action=reinterpret pc=0x0000000002455fb0 method=java.util.HashMap.hash(Ljava/lang/Object;)I @ 1
Event: 5.206 Thread 0x00000000175fb800 Uncommon trap: reason=class_check action=maybe_recompile pc=0x00000000024af454 method=sun.misc.URLClassPath.getLoader(I)Lsun/misc/URLClassPath$Loader; @ 94
Event: 5.206 Thread 0x00000000175fb800 Uncommon trap: reason=class_check action=maybe_recompile pc=0x00000000024c7a54 method=sun.misc.URLClassPath.getResource(Ljava/lang/String;Z)Lsun/misc/Resource; @ 53
Event: 5.217 Thread 0x00000000175fb800 Uncommon trap: reason=class_check action=maybe_recompile pc=0x00000000024af4f0 method=sun.misc.URLClassPath.getLoader(I)Lsun/misc/URLClassPath$Loader; @ 150
Event: 5.217 Thread 0x00000000175fb800 Uncommon trap: reason=class_check action=maybe_recompile pc=0x00000000024af4f0 method=sun.misc.URLClassPath.getLoader(I)Lsun/misc/URLClassPath$Loader; @ 150
Event: 5.223 Thread 0x00000000175fb800 Uncommon trap: reason=class_check action=maybe_recompile pc=0x00000000024af4f0 method=sun.misc.URLClassPath.getLoader(I)Lsun/misc/URLClassPath$Loader; @ 150

Internal exceptions (10 events):
Event: 5.328 Thread 0x00000000175fb800 Exception <a 'java/security/PrivilegedActionException'> (0x00000000ee128330) thrown at [D:\re\workspace\8-2-build-windows-amd64-cygwin\jdk8u20\1074\hotspot\src\share\vm\prims\jvm.cpp, line 1275]
Event: 5.328 Thread 0x00000000175fb800 Exception <a 'java/lang/ClassNotFoundException': org/gradle/invocation/DefaultGradle_DecoratedCustomizer> (0x00000000ee129290) thrown at [D:\re\workspace\8-2-build-windows-amd64-cygwin\jdk8u20\1074\hotspot\src\share\vm\classfile\systemDictionary.cpp, line Ðû™)S@
Event: 5.331 Thread 0x00000000175fb800 Exception <a 'java/security/PrivilegedActionException'> (0x00000000ee163ed8) thrown at [D:\re\workspace\8-2-build-windows-amd64-cygwin\jdk8u20\1074\hotspot\src\share\vm\prims\jvm.cpp, line 1275]
Event: 5.331 Thread 0x00000000175fb800 Exception <a 'java/security/PrivilegedActionException'> (0x00000000ee164dc0) thrown at [D:\re\workspace\8-2-build-windows-amd64-cygwin\jdk8u20\1074\hotspot\src\share\vm\prims\jvm.cpp, line 1275]
Event: 5.332 Thread 0x00000000175fb800 Exception <a 'java/security/PrivilegedActionException'> (0x00000000ee168870) thrown at [D:\re\workspace\8-2-build-windows-amd64-cygwin\jdk8u20\1074\hotspot\src\share\vm\prims\jvm.cpp, line 1275]
Event: 5.332 Thread 0x00000000175fb800 Exception <a 'java/security/PrivilegedActionException'> (0x00000000ee169618) thrown at [D:\re\workspace\8-2-build-windows-amd64-cygwin\jdk8u20\1074\hotspot\src\share\vm\prims\jvm.cpp, line 1275]
Event: 5.332 Thread 0x00000000175fb800 Exception <a 'java/security/PrivilegedActionException'> (0x00000000ee16f378) thrown at [D:\re\workspace\8-2-build-windows-amd64-cygwin\jdk8u20\1074\hotspot\src\share\vm\prims\jvm.cpp, line 1275]
Event: 5.332 Thread 0x00000000175fb800 Exception <a 'java/security/PrivilegedActionException'> (0x00000000ee1700b8) thrown at [D:\re\workspace\8-2-build-windows-amd64-cygwin\jdk8u20\1074\hotspot\src\share\vm\prims\jvm.cpp, line 1275]
Event: 5.333 Thread 0x00000000175fb800 Exception <a 'java/security/PrivilegedActionException'> (0x00000000ee1738d0) thrown at [D:\re\workspace\8-2-build-windows-amd64-cygwin\jdk8u20\1074\hotspot\src\share\vm\prims\jvm.cpp, line 1275]
Event: 5.333 Thread 0x00000000175fb800 Exception <a 'java/security/PrivilegedActionException'> (0x00000000ee174420) thrown at [D:\re\workspace\8-2-build-windows-amd64-cygwin\jdk8u20\1074\hotspot\src\share\vm\prims\jvm.cpp, line 1275]

Events (10 events):
Event: 5.353 Executing VM operation: RevokeBias
Event: 5.353 Executing VM operation: RevokeBias done
Event: 5.353 Executing VM operation: RevokeBias
Event: 5.353 Executing VM operation: RevokeBias done
Event: 5.353 Executing VM operation: RevokeBias
Event: 5.353 Executing VM operation: RevokeBias done
Event: 5.353 Executing VM operation: RevokeBias
Event: 5.353 Executing VM operation: RevokeBias done
Event: 5.356 Thread 0x0000000015e99000 flushing nmethod 0x0000000002250f90
Event: 5.356 Thread 0x0000000015e99000 flushing nmethod 0x0000000002276890


Dynamic libraries:
0x00007ff755d60000 - 0x00007ff755d94000 	D:\Program Files\Java\jdk1.8.0_20\bin\java.exe
0x00007ff9921a0000 - 0x00007ff99234c000 	C:\Windows\SYSTEM32\ntdll.dll
0x00007ff991cf0000 - 0x00007ff991e2e000 	C:\Windows\system32\KERNEL32.DLL
0x00007ff98f700000 - 0x00007ff98f815000 	C:\Windows\system32\KERNELBASE.dll
0x00007ff98de90000 - 0x00007ff98df1e000 	C:\Windows\system32\apphelp.dll
0x00007ff97c9f0000 - 0x00007ff97cabf000 	C:\Windows\AppPatch\AppPatch64\EMET64.dll
0x00007ff98fbb0000 - 0x00007ff98fc5a000 	C:\Windows\system32\msvcrt.dll
0x00007ff991a20000 - 0x00007ff991aca000 	C:\Windows\system32\ADVAPI32.dll
0x00007ff9901a0000 - 0x00007ff9901f9000 	C:\Windows\SYSTEM32\sechost.dll
0x00007ff9902d0000 - 0x00007ff990411000 	C:\Windows\system32\RPCRT4.dll
0x00007ff974f90000 - 0x00007ff974fe3000 	C:\Windows\AppPatch\AppPatch64\AcGenral.DLL
0x00007ff98f0b0000 - 0x00007ff98f0de000 	C:\Windows\SYSTEM32\SspiCli.dll
0x00007ff98ff70000 - 0x00007ff98ffc4000 	C:\Windows\system32\SHLWAPI.dll
0x00007ff991e30000 - 0x00007ff991fa7000 	C:\Windows\system32\USER32.dll
0x00007ff98f830000 - 0x00007ff98f9c4000 	C:\Windows\system32\ole32.dll
0x00007ff990420000 - 0x00007ff991938000 	C:\Windows\system32\SHELL32.dll
0x00007ff98e870000 - 0x00007ff98e891000 	C:\Windows\SYSTEM32\USERENV.dll
0x00007ff986e50000 - 0x00007ff986e6e000 	C:\Windows\SYSTEM32\MPR.dll
0x00007ff991ad0000 - 0x00007ff991ce1000 	C:\Windows\SYSTEM32\combase.dll
0x00007ff990040000 - 0x00007ff990191000 	C:\Windows\system32\GDI32.dll
0x00007ff98f2f0000 - 0x00007ff98f305000 	C:\Windows\SYSTEM32\profapi.dll
0x00007ff98ddd0000 - 0x00007ff98de82000 	C:\Windows\SYSTEM32\SHCORE.dll
0x00007ff9920f0000 - 0x00007ff992126000 	C:\Windows\system32\IMM32.DLL
0x00007ff98fe10000 - 0x00007ff98ff62000 	C:\Windows\system32\MSCTF.dll
0x00007ff98d080000 - 0x00007ff98d2fb000 	C:\Windows\WinSxS\amd64_microsoft.windows.common-controls_6595b64144ccf1df_6.0.9600.17415_none_6240486fecbd8abb\COMCTL32.dll
0x0000000076380000 - 0x0000000076452000 	D:\Program Files\Java\jdk1.8.0_20\jre\bin\msvcr100.dll
0x0000000075b20000 - 0x0000000076378000 	D:\Program Files\Java\jdk1.8.0_20\jre\bin\server\jvm.dll
0x00007ff986e70000 - 0x00007ff986e79000 	C:\Windows\SYSTEM32\WSOCK32.dll
0x00007ff98af80000 - 0x00007ff98afa2000 	C:\Windows\SYSTEM32\WINMM.dll
0x00007ff98ffd0000 - 0x00007ff98ffd7000 	C:\Windows\system32\PSAPI.DLL
0x00007ff98ffe0000 - 0x00007ff99003a000 	C:\Windows\system32\WS2_32.dll
0x00007ff98cfc0000 - 0x00007ff98cfea000 	C:\Windows\SYSTEM32\WINMMBASE.dll
0x00007ff98f820000 - 0x00007ff98f829000 	C:\Windows\system32\NSI.dll
0x00007ff98f650000 - 0x00007ff98f69f000 	C:\Windows\SYSTEM32\cfgmgr32.dll
0x00007ff98e110000 - 0x00007ff98e138000 	C:\Windows\SYSTEM32\DEVOBJ.dll
0x00000000500c0000 - 0x00000000500cf000 	D:\Program Files\Java\jdk1.8.0_20\jre\bin\verify.dll
0x0000000050090000 - 0x00000000500b8000 	D:\Program Files\Java\jdk1.8.0_20\jre\bin\java.dll
0x0000000050070000 - 0x0000000050086000 	D:\Program Files\Java\jdk1.8.0_20\jre\bin\zip.dll
0x00007ff98ec60000 - 0x00007ff98ec80000 	C:\Windows\SYSTEM32\CRYPTSP.dll
0x00007ff98e7b0000 - 0x00007ff98e7e6000 	C:\Windows\system32\rsaenh.dll
0x00007ff98edb0000 - 0x00007ff98edd6000 	C:\Windows\SYSTEM32\bcrypt.dll
0x00007ff98f150000 - 0x00007ff98f1b3000 	C:\Windows\system32\bcryptprimitives.dll
0x00007ff98f1c0000 - 0x00007ff98f1cb000 	C:\Windows\SYSTEM32\CRYPTBASE.dll
0x0000000050050000 - 0x000000005006a000 	D:\Program Files\Java\jdk1.8.0_20\jre\bin\net.dll
0x00007ff98e9b0000 - 0x00007ff98ea09000 	C:\Windows\system32\mswsock.dll
0x00007ff9891b0000 - 0x00007ff9891da000 	C:\Windows\SYSTEM32\IPHLPAPI.DLL
0x00007ff9890f0000 - 0x00007ff9890fa000 	C:\Windows\SYSTEM32\WINNSI.DLL
0x00007ff988ee0000 - 0x00007ff988ef6000 	C:\Windows\SYSTEM32\dhcpcsvc6.DLL
0x00007ff988ec0000 - 0x00007ff988eda000 	C:\Windows\SYSTEM32\dhcpcsvc.DLL
0x0000000050030000 - 0x0000000050041000 	D:\Program Files\Java\jdk1.8.0_20\jre\bin\nio.dll
0x00007ff97a660000 - 0x00007ff97a672000 	C:\Users\Gil\AppData\Local\Temp\native-platform2389489058068715245dir\native-platform.dll
0x00007ff97f260000 - 0x00007ff97f3ea000 	C:\Windows\SYSTEM32\dbghelp.dll

VM Arguments:
jvm_args: -XX:MaxPermSize=256m -XX:+HeapDumpOnOutOfMemoryError -Xmx1024m -Dfile.encoding=windows-1255 -Duser.country=US -Duser.language=en -Duser.variant 
java_command: org.gradle.launcher.daemon.bootstrap.GradleDaemon 2.2.1 C:\Users\Gil\.gradle\daemon 10800000 c599310b-71ba-43e5-8a92-166b1b47bf92 -XX:MaxPermSize=256m -XX:+HeapDumpOnOutOfMemoryError -Xmx1024m -Dfile.encoding=windows-1255 -Duser.country=US -Duser.language=en -Duser.variant
java_class_path (initial): D:\Program Files\Android\Android Studio\gradle\gradle-2.2.1\lib\gradle-launcher-2.2.1.jar
Launcher Type: SUN_STANDARD

Environment Variables:
PATH=C:\ProgramData\Oracle\Java\javapath;C:\Program Files (x86)\NVIDIA Corporation\PhysX\Common;C:\Windows\system32;C:\Windows;C:\Windows\System32\Wbem;C:\Windows\System32\WindowsPowerShell\v1.0\;C:\Program Files\nodejs\;C:\Program Files (x86)\Android\android-sdk\platform-tools;C:\Users\Gil\AppData\Roaming\npm
USERNAME=Gil
OS=Windows_NT
PROCESSOR_IDENTIFIER=Intel64 Family 6 Model 37 Stepping 5, GenuineIntel



---------------  S Y S T E M  ---------------

OS: Windows 8.1 , 64 bit Build 9600 

CPU:total 4 (2 cores per cpu, 2 threads per core) family 6 model 37 stepping 5, cmov, cx8, fxsr, mmx, sse, sse2, sse3, ssse3, sse4.1, sse4.2, popcnt, aes, clmul, ht, tsc, tscinvbit

Memory: 4k page, physical 4054060k(190120k free), swap 7199788k(5116k free)

vm_info: Java HotSpot(TM) 64-Bit Server VM (25.20-b23) for windows-amd64 JRE (1.8.0_20-b26), built on Jul 30 2014 13:51:23 by "java_re" with MS VC++ 10.0 (VS2010)

time: Fri Apr 03 00:16:06 2015
elapsed time: 5 seconds (0d 0h 0m 5s)

