#
# There is insufficient memory for the Java Runtime Environment to continue.
# Native memory allocation (malloc) failed to allocate 1862496 bytes for Chunk::new
# Possible reasons:
#   The system is out of physical RAM or swap space
#   In 32 bit mode, the process size limit was hit
# Possible solutions:
#   Reduce memory load on the system
#   Increase physical memory or swap space
#   Check if swap backing store is full
#   Use 64 bit Java on a 64 bit OS
#   Decrease Java heap size (-Xmx/-Xms)
#   Decrease number of Java threads
#   Decrease Java thread stack sizes (-Xss)
#   Set larger code cache with -XX:ReservedCodeCacheSize=
# This output file may be truncated or incomplete.
#
#  Out of Memory Error (allocation.cpp:390), pid=1004, tid=5692
#
# JRE version: Java(TM) SE Runtime Environment (8.0_20-b26) (build 1.8.0_20-b26)
# Java VM: Java HotSpot(TM) 64-Bit Server VM (25.20-b23 mixed mode windows-amd64 compressed oops)
# Failed to write core dump. Minidumps are not enabled by default on client versions of Windows
#

---------------  T H R E A D  ---------------

Current thread (0x00000000147f8800):  JavaThread "C2 CompilerThread1" daemon [_thread_in_native, id=5692, stack(0x0000000015df0000,0x0000000015ef0000)]

Stack: [0x0000000015df0000,0x0000000015ef0000]
Native frames: (J=compiled Java code, j=interpreted, Vv=VM code, C=native code)
V  [jvm.dll+0x3152fa]
V  [jvm.dll+0x265d03]
V  [jvm.dll+0x266943]
V  [jvm.dll+0x25e265]
V  [jvm.dll+0xbe255]
V  [jvm.dll+0xbe6fc]
V  [jvm.dll+0x45c472]
V  [jvm.dll+0x49d76f]
V  [jvm.dll+0x451911]
V  [jvm.dll+0x452634]
V  [jvm.dll+0x435fc2]
V  [jvm.dll+0x97b62]
V  [jvm.dll+0x98353]
V  [jvm.dll+0x22aac4]
V  [jvm.dll+0x283f5a]
C  [msvcr100.dll+0x21d9f]
C  [msvcr100.dll+0x21e3b]
C  [KERNEL32.DLL+0x13d2]
C  [ntdll.dll+0x6e954]


Current CompileTask:
C2:  19167 2111       4       com.android.dx.dex.cf.CfTranslator::translate0 (259 bytes)


---------------  P R O C E S S  ---------------

Java Threads: ( => current thread )
  0x00000000147fe000 JavaThread "Service Thread" daemon [_thread_blocked, id=596, stack(0x00000000163f0000,0x00000000164f0000)]
  0x00000000147fb800 JavaThread "C1 CompilerThread2" daemon [_thread_blocked, id=6364, stack(0x0000000015ef0000,0x0000000015ff0000)]
=>0x00000000147f8800 JavaThread "C2 CompilerThread1" daemon [_thread_in_native, id=5692, stack(0x0000000015df0000,0x0000000015ef0000)]
  0x00000000147e8800 JavaThread "C2 CompilerThread0" daemon [_thread_blocked, id=8084, stack(0x0000000015cf0000,0x0000000015df0000)]
  0x00000000147e7000 JavaThread "Attach Listener" daemon [_thread_blocked, id=6764, stack(0x0000000015bf0000,0x0000000015cf0000)]
  0x00000000147e6800 JavaThread "Signal Dispatcher" daemon [_thread_blocked, id=5800, stack(0x0000000015af0000,0x0000000015bf0000)]
  0x00000000020c0800 JavaThread "Finalizer" daemon [_thread_blocked, id=1936, stack(0x00000000159f0000,0x0000000015af0000)]
  0x00000000020bd000 JavaThread "Reference Handler" daemon [_thread_blocked, id=7620, stack(0x00000000158f0000,0x00000000159f0000)]
  0x0000000001fd0800 JavaThread "main" [_thread_in_Java, id=3000, stack(0x0000000001e50000,0x0000000001f50000)]

Other Threads:
  0x0000000014765000 VMThread [stack: 0x00000000157f0000,0x00000000158f0000] [id=3432]
  0x000000001606b000 WatcherThread [stack: 0x00000000164f0000,0x00000000165f0000] [id=7256]

VM state:not at safepoint (normal execution)

VM Mutex/Monitor currently owned by a thread: None

Heap:
 PSYoungGen      total 133120K, used 107966K [0x00000000eab00000, 0x00000000f4800000, 0x0000000100000000)
  eden space 119296K, 78% used [0x00000000eab00000,0x00000000f06f0bb8,0x00000000f1f80000)
  from space 13824K, 99% used [0x00000000f3180000,0x00000000f3eff008,0x00000000f3f00000)
  to   space 18432K, 0% used [0x00000000f1f80000,0x00000000f1f80000,0x00000000f3180000)
 ParOldGen       total 42496K, used 27977K [0x00000000c0000000, 0x00000000c2980000, 0x00000000eab00000)
  object space 42496K, 65% used [0x00000000c0000000,0x00000000c1b52618,0x00000000c2980000)
 Metaspace       used 6096K, capacity 7152K, committed 7296K, reserved 1056768K
  class space    used 578K, capacity 616K, committed 640K, reserved 1048576K

Card table byte_map: [0x0000000011490000,0x00000000116a0000] byte_map_base: 0x0000000010e90000

Marking Bits: (ParMarkBitMap*) 0x00000000763db460
 Begin Bits: [0x0000000011c00000, 0x0000000012c00000)
 End Bits:   [0x0000000012c00000, 0x0000000013c00000)

Polling page: 0x0000000000590000

CodeCache: size=245760Kb used=10744Kb max_used=10761Kb free=235015Kb
 bounds [0x00000000020d0000, 0x0000000002b60000, 0x00000000110d0000]
 total_blobs=2360 nmethods=2101 adapters=174
 compilation: enabled

Compilation events (10 events):
Event: 18.666 Thread 0x00000000147e8800 2112       4       com.android.dx.ssa.MoveParamCombiner$1::visitNonMoveInsn (213 bytes)
Event: 18.688 Thread 0x00000000147e8800 nmethod 2112 0x0000000002b55d90 code [0x0000000002b56000, 0x0000000002b56b50]
Event: 18.697 Thread 0x00000000147e8800 2113 % !   4       com.android.dx.cf.cst.ConstantPoolParser::determineOffsets @ 5 (285 bytes)
Event: 18.706 Thread 0x00000000147e8800 nmethod 2113% 0x0000000002b12890 code [0x0000000002b12c20, 0x0000000002b131b8]
Event: 18.706 Thread 0x00000000147e8800 2114   !   4       com.android.dx.cf.cst.ConstantPoolParser::determineOffsets (285 bytes)
Event: 18.711 Thread 0x00000000147e8800 nmethod 2114 0x0000000002b12050 code [0x0000000002b12260, 0x0000000002b12518]
Event: 18.717 Thread 0x00000000147e8800 2115       4       com.android.dx.cf.code.Ropper::mergeAndWorkAsNecessary (102 bytes)
Event: 18.760 Thread 0x00000000147e8800 nmethod 2115 0x0000000002b5ae50 code [0x0000000002b5b0e0, 0x0000000002b5c9e0]
Event: 18.763 Thread 0x00000000147e8800 2116       4       com.android.dx.rop.cst.CstKnownNull::equals (5 bytes)
Event: 18.764 Thread 0x00000000147e8800 nmethod 2116 0x00000000027028d0 code [0x0000000002702a00, 0x0000000002702a78]

GC Heap History (10 events):
Event: 5.607 GC heap before
{Heap before GC invocations=4 (full 0):
 PSYoungGen      total 18432K, used 18412K [0x00000000eab00000, 0x00000000ecf00000, 0x0000000100000000)
  eden space 15872K, 100% used [0x00000000eab00000,0x00000000eba80000,0x00000000eba80000)
  from space 2560K, 99% used [0x00000000eba80000,0x00000000ebcfb180,0x00000000ebd00000)
  to   space 2560K, 0% used [0x00000000ecc80000,0x00000000ecc80000,0x00000000ecf00000)
 ParOldGen       total 42496K, used 5947K [0x00000000c0000000, 0x00000000c2980000, 0x00000000eab00000)
  object space 42496K, 13% used [0x00000000c0000000,0x00000000c05cee40,0x00000000c2980000)
 Metaspace       used 5964K, capacity 7024K, committed 7296K, reserved 1056768K
  class space    used 576K, capacity 616K, committed 640K, reserved 1048576K
Event: 5.688 GC heap after
Heap after GC invocations=4 (full 0):
 PSYoungGen      total 34304K, used 2539K [0x00000000eab00000, 0x00000000ecf00000, 0x0000000100000000)
  eden space 31744K, 0% used [0x00000000eab00000,0x00000000eab00000,0x00000000eca00000)
  from space 2560K, 99% used [0x00000000ecc80000,0x00000000ecefaca0,0x00000000ecf00000)
  to   space 2560K, 0% used [0x00000000eca00000,0x00000000eca00000,0x00000000ecc80000)
 ParOldGen       total 42496K, used 8079K [0x00000000c0000000, 0x00000000c2980000, 0x00000000eab00000)
  object space 42496K, 19% used [0x00000000c0000000,0x00000000c07e3f48,0x00000000c2980000)
 Metaspace       used 5964K, capacity 7024K, committed 7296K, reserved 1056768K
  class space    used 576K, capacity 616K, committed 640K, reserved 1048576K
}
Event: 7.685 GC heap before
{Heap before GC invocations=5 (full 0):
 PSYoungGen      total 34304K, used 34283K [0x00000000eab00000, 0x00000000ecf00000, 0x0000000100000000)
  eden space 31744K, 100% used [0x00000000eab00000,0x00000000eca00000,0x00000000eca00000)
  from space 2560K, 99% used [0x00000000ecc80000,0x00000000ecefaca0,0x00000000ecf00000)
  to   space 2560K, 0% used [0x00000000eca00000,0x00000000eca00000,0x00000000ecc80000)
 ParOldGen       total 42496K, used 8079K [0x00000000c0000000, 0x00000000c2980000, 0x00000000eab00000)
  object space 42496K, 19% used [0x00000000c0000000,0x00000000c07e3f48,0x00000000c2980000)
 Metaspace       used 6004K, capacity 7088K, committed 7296K, reserved 1056768K
  class space    used 578K, capacity 616K, committed 640K, reserved 1048576K
Event: 7.774 GC heap after
Heap after GC invocations=5 (full 0):
 PSYoungGen      total 34304K, used 2558K [0x00000000eab00000, 0x00000000ef700000, 0x0000000100000000)
  eden space 31744K, 0% used [0x00000000eab00000,0x00000000eab00000,0x00000000eca00000)
  from space 2560K, 99% used [0x00000000eca00000,0x00000000ecc7f9c8,0x00000000ecc80000)
  to   space 7168K, 0% used [0x00000000ef000000,0x00000000ef000000,0x00000000ef700000)
 ParOldGen       total 42496K, used 13219K [0x00000000c0000000, 0x00000000c2980000, 0x00000000eab00000)
  object space 42496K, 31% used [0x00000000c0000000,0x00000000c0ce8ff0,0x00000000c2980000)
 Metaspace       used 6004K, capacity 7088K, committed 7296K, reserved 1056768K
  class space    used 578K, capacity 616K, committed 640K, reserved 1048576K
}
Event: 9.255 GC heap before
{Heap before GC invocations=6 (full 0):
 PSYoungGen      total 34304K, used 34302K [0x00000000eab00000, 0x00000000ef700000, 0x0000000100000000)
  eden space 31744K, 100% used [0x00000000eab00000,0x00000000eca00000,0x00000000eca00000)
  from space 2560K, 99% used [0x00000000eca00000,0x00000000ecc7f9c8,0x00000000ecc80000)
  to   space 7168K, 0% used [0x00000000ef000000,0x00000000ef000000,0x00000000ef700000)
 ParOldGen       total 42496K, used 13219K [0x00000000c0000000, 0x00000000c2980000, 0x00000000eab00000)
  object space 42496K, 31% used [0x00000000c0000000,0x00000000c0ce8ff0,0x00000000c2980000)
 Metaspace       used 6012K, capacity 7088K, committed 7296K, reserved 1056768K
  class space    used 578K, capacity 616K, committed 640K, reserved 1048576K
Event: 9.302 GC heap after
Heap after GC invocations=6 (full 0):
 PSYoungGen      total 69120K, used 7152K [0x00000000eab00000, 0x00000000efa00000, 0x0000000100000000)
  eden space 61952K, 0% used [0x00000000eab00000,0x00000000eab00000,0x00000000ee780000)
  from space 7168K, 99% used [0x00000000ef000000,0x00000000ef6fc1a8,0x00000000ef700000)
  to   space 8704K, 0% used [0x00000000ee780000,0x00000000ee780000,0x00000000ef000000)
 ParOldGen       total 42496K, used 13974K [0x00000000c0000000, 0x00000000c2980000, 0x00000000eab00000)
  object space 42496K, 32% used [0x00000000c0000000,0x00000000c0da5b10,0x00000000c2980000)
 Metaspace       used 6012K, capacity 7088K, committed 7296K, reserved 1056768K
  class space    used 578K, capacity 616K, committed 640K, reserved 1048576K
}
Event: 11.439 GC heap before
{Heap before GC invocations=7 (full 0):
 PSYoungGen      total 69120K, used 69104K [0x00000000eab00000, 0x00000000efa00000, 0x0000000100000000)
  eden space 61952K, 100% used [0x00000000eab00000,0x00000000ee780000,0x00000000ee780000)
  from space 7168K, 99% used [0x00000000ef000000,0x00000000ef6fc1a8,0x00000000ef700000)
  to   space 8704K, 0% used [0x00000000ee780000,0x00000000ee780000,0x00000000ef000000)
 ParOldGen       total 42496K, used 13974K [0x00000000c0000000, 0x00000000c2980000, 0x00000000eab00000)
  object space 42496K, 32% used [0x00000000c0000000,0x00000000c0da5b10,0x00000000c2980000)
 Metaspace       used 6039K, capacity 7088K, committed 7296K, reserved 1056768K
  class space    used 578K, capacity 616K, committed 640K, reserved 1048576K
Event: 11.678 GC heap after
Heap after GC invocations=7 (full 0):
 PSYoungGen      total 70656K, used 8683K [0x00000000eab00000, 0x00000000f3f00000, 0x0000000100000000)
  eden space 61952K, 0% used [0x00000000eab00000,0x00000000eab00000,0x00000000ee780000)
  from space 8704K, 99% used [0x00000000ee780000,0x00000000eeffaf90,0x00000000ef000000)
  to   space 13824K, 0% used [0x00000000f3180000,0x00000000f3180000,0x00000000f3f00000)
 ParOldGen       total 42496K, used 22445K [0x00000000c0000000, 0x00000000c2980000, 0x00000000eab00000)
  object space 42496K, 52% used [0x00000000c0000000,0x00000000c15eb640,0x00000000c2980000)
 Metaspace       used 6039K, capacity 7088K, committed 7296K, reserved 1056768K
  class space    used 578K, capacity 616K, committed 640K, reserved 1048576K
}
Event: 13.319 GC heap before
{Heap before GC invocations=8 (full 0):
 PSYoungGen      total 70656K, used 70635K [0x00000000eab00000, 0x00000000f3f00000, 0x0000000100000000)
  eden space 61952K, 100% used [0x00000000eab00000,0x00000000ee780000,0x00000000ee780000)
  from space 8704K, 99% used [0x00000000ee780000,0x00000000eeffaf90,0x00000000ef000000)
  to   space 13824K, 0% used [0x00000000f3180000,0x00000000f3180000,0x00000000f3f00000)
 ParOldGen       total 42496K, used 22445K [0x00000000c0000000, 0x00000000c2980000, 0x00000000eab00000)
  object space 42496K, 52% used [0x00000000c0000000,0x00000000c15eb640,0x00000000c2980000)
 Metaspace       used 6089K, capacity 7152K, committed 7296K, reserved 1056768K
  class space    used 578K, capacity 616K, committed 640K, reserved 1048576K
Event: 14.259 GC heap after
Heap after GC invocations=8 (full 0):
 PSYoungGen      total 133120K, used 13820K [0x00000000eab00000, 0x00000000f4800000, 0x0000000100000000)
  eden space 119296K, 0% used [0x00000000eab00000,0x00000000eab00000,0x00000000f1f80000)
  from space 13824K, 99% used [0x00000000f3180000,0x00000000f3eff008,0x00000000f3f00000)
  to   space 18432K, 0% used [0x00000000f1f80000,0x00000000f1f80000,0x00000000f3180000)
 ParOldGen       total 42496K, used 27977K [0x00000000c0000000, 0x00000000c2980000, 0x00000000eab00000)
  object space 42496K, 65% used [0x00000000c0000000,0x00000000c1b52618,0x00000000c2980000)
 Metaspace       used 6089K, capacity 7152K, committed 7296K, reserved 1056768K
  class space    used 578K, capacity 616K, committed 640K, reserved 1048576K
}

Deoptimization events (10 events):
Event: 17.329 Thread 0x0000000001fd0800 Uncommon trap: reason=class_check action=maybe_recompile pc=0x0000000002b1e940 method=com.android.dx.cf.code.BytecodeArray.parseInstruction(ILcom/android/dx/cf/code/BytecodeArray$Visitor;)I @ 2062
Event: 17.330 Thread 0x0000000001fd0800 Uncommon trap: reason=class_check action=maybe_recompile pc=0x0000000002b1e940 method=com.android.dx.cf.code.BytecodeArray.parseInstruction(ILcom/android/dx/cf/code/BytecodeArray$Visitor;)I @ 2062
Event: 17.330 Thread 0x0000000001fd0800 Uncommon trap: reason=class_check action=maybe_recompile pc=0x0000000002b1e940 method=com.android.dx.cf.code.BytecodeArray.parseInstruction(ILcom/android/dx/cf/code/BytecodeArray$Visitor;)I @ 2062
Event: 17.433 Thread 0x0000000001fd0800 Uncommon trap: reason=unloaded action=reinterpret pc=0x0000000002a3ae98 method=com.android.dx.cf.code.Ropper.addReturnBlock()V @ 45
Event: 17.434 Thread 0x0000000001fd0800 Uncommon trap: reason=unreached action=reinterpret pc=0x000000000262950c method=com.android.dx.ssa.MoveParamCombiner$1.visitNonMoveInsn(Lcom/android/dx/ssa/NormalSsaInsn;)V @ 27
Event: 17.852 Thread 0x0000000001fd0800 Uncommon trap: reason=bimorphic action=maybe_recompile pc=0x0000000002889c88 method=com.android.dx.ssa.LiteralOpUpgrader.tryReplacingWithConstant(Lcom/android/dx/ssa/NormalSsaInsn;)Z @ 62
Event: 17.855 Thread 0x0000000001fd0800 Uncommon trap: reason=class_check action=maybe_recompile pc=0x0000000002868540 method=com.android.dx.ssa.back.FirstFitLocalCombiningAllocator.findNextUnreservedRopReg(IILcom/android/dx/ssa/back/FirstFitLocalCombiningAllocator$Alignment;)I @ 60
Event: 17.855 Thread 0x0000000001fd0800 Uncommon trap: reason=class_check action=maybe_recompile pc=0x00000000029e4a48 method=com.android.dx.ssa.back.FirstFitLocalCombiningAllocator.findNextUnreservedRopReg(IILcom/android/dx/ssa/back/FirstFitLocalCombiningAllocator$Alignment;)I @ 60
Event: 17.855 Thread 0x0000000001fd0800 Uncommon trap: reason=class_check action=maybe_recompile pc=0x0000000002868540 method=com.android.dx.ssa.back.FirstFitLocalCombiningAllocator.findNextUnreservedRopReg(IILcom/android/dx/ssa/back/FirstFitLocalCombiningAllocator$Alignment;)I @ 60
Event: 17.871 Thread 0x0000000001fd0800 Uncommon trap: reason=bimorphic action=maybe_recompile pc=0x0000000002889c88 method=com.android.dx.ssa.LiteralOpUpgrader.tryReplacingWithConstant(Lcom/android/dx/ssa/NormalSsaInsn;)Z @ 62

Internal exceptions (10 events):
Event: 4.495 Thread 0x0000000001fd0800 Exception <a 'java/lang/ArrayIndexOutOfBoundsException': 18> (0x00000000eab29f20) thrown at [D:\re\workspace\8-2-build-windows-amd64-cygwin\jdk8u20\1074\hotspot\src\share\vm\interpreter\interpreterRuntime.cpp, line 366]
Event: 4.496 Thread 0x0000000001fd0800 Exception <a 'java/lang/ArrayIndexOutOfBoundsException'> (0x00000000eab2b9b8) thrown at [D:\re\workspace\8-2-build-windows-amd64-cygwin\jdk8u20\1074\hotspot\src\share\vm\runtime\sharedRuntime.cpp, line 604]
Event: 4.498 Thread 0x0000000001fd0800 Exception <a 'java/lang/ArrayIndexOutOfBoundsException'> (0x00000000eab2cbd0) thrown at [D:\re\workspace\8-2-build-windows-amd64-cygwin\jdk8u20\1074\hotspot\src\share\vm\runtime\sharedRuntime.cpp, line 604]
Event: 4.748 Thread 0x0000000001fd0800 Implicit null exception at 0x0000000002705e0a to 0x0000000002708cfd
Event: 5.970 Thread 0x0000000001fd0800 Exception <a 'java/security/PrivilegedActionException'> (0x00000000eafc7d40) thrown at [D:\re\workspace\8-2-build-windows-amd64-cygwin\jdk8u20\1074\hotspot\src\share\vm\prims\jvm.cpp, line 1275]
Event: 6.687 Thread 0x0000000001fd0800 Exception <a 'java/security/PrivilegedActionException'> (0x00000000eb87f5c0) thrown at [D:\re\workspace\8-2-build-windows-amd64-cygwin\jdk8u20\1074\hotspot\src\share\vm\prims\jvm.cpp, line 1275]
Event: 7.660 Thread 0x0000000001fd0800 Exception <a 'java/security/PrivilegedActionException'> (0x00000000ec89e5a8) thrown at [D:\re\workspace\8-2-build-windows-amd64-cygwin\jdk8u20\1074\hotspot\src\share\vm\prims\jvm.cpp, line 1275]
Event: 9.565 Thread 0x0000000001fd0800 Exception <a 'java/security/PrivilegedActionException'> (0x00000000eb2e04f8) thrown at [D:\re\workspace\8-2-build-windows-amd64-cygwin\jdk8u20\1074\hotspot\src\share\vm\prims\jvm.cpp, line 1275]
Event: 11.886 Thread 0x0000000001fd0800 Exception <a 'java/security/PrivilegedActionException'> (0x00000000eb2981d8) thrown at [D:\re\workspace\8-2-build-windows-amd64-cygwin\jdk8u20\1074\hotspot\src\share\vm\prims\jvm.cpp, line 1275]
Event: 11.887 Thread 0x0000000001fd0800 Implicit null exception at 0x0000000002a03e71 to 0x0000000002a04685

Events (10 events):
Event: 17.855 Thread 0x0000000001fd0800 Uncommon trap: trap_request=0xffffffde fr.pc=0x0000000002868540
Event: 17.855 Thread 0x0000000001fd0800 DEOPT PACKING pc=0x0000000002868540 sp=0x0000000001f4e720
Event: 17.855 Thread 0x0000000001fd0800 DEOPT UNPACKING pc=0x000000000211556a sp=0x0000000001f4e698 mode 2
Event: 17.871 Thread 0x0000000001fd0800 Uncommon trap: trap_request=0xffffffc6 fr.pc=0x0000000002889c88
Event: 17.871 Thread 0x0000000001fd0800 DEOPT PACKING pc=0x0000000002889c88 sp=0x0000000001f4e6d0
Event: 17.871 Thread 0x0000000001fd0800 DEOPT UNPACKING pc=0x000000000211556a sp=0x0000000001f4e670 mode 2
Event: 18.661 Thread 0x0000000001fd0800 DEOPT PACKING pc=0x000000000288f4e4 sp=0x0000000001f4eca0
Event: 18.661 Thread 0x0000000001fd0800 DEOPT UNPACKING pc=0x00000000021171bf sp=0x0000000001f4ea80 mode 0
Event: 18.706 Thread 0x0000000001fd0800 DEOPT PACKING pc=0x000000000286f524 sp=0x0000000001f4e840
Event: 18.707 Thread 0x0000000001fd0800 DEOPT UNPACKING pc=0x00000000021171bf sp=0x0000000001f4e600 mode 0


Dynamic libraries:
0x00007ff6b2ad0000 - 0x00007ff6b2b04000 	D:\Program Files\Java\jdk1.8.0_20\bin\java.exe
0x00007ff9921a0000 - 0x00007ff99234c000 	C:\Windows\SYSTEM32\ntdll.dll
0x00007ff991cf0000 - 0x00007ff991e2e000 	C:\Windows\system32\KERNEL32.DLL
0x00007ff98f700000 - 0x00007ff98f815000 	C:\Windows\system32\KERNELBASE.dll
0x00007ff98de90000 - 0x00007ff98df1e000 	C:\Windows\system32\apphelp.dll
0x00007ff97c9f0000 - 0x00007ff97cabf000 	C:\Windows\AppPatch\AppPatch64\EMET64.dll
0x00007ff98fbb0000 - 0x00007ff98fc5a000 	C:\Windows\system32\msvcrt.dll
0x00007ff991a20000 - 0x00007ff991aca000 	C:\Windows\system32\ADVAPI32.dll
0x00007ff9901a0000 - 0x00007ff9901f9000 	C:\Windows\SYSTEM32\sechost.dll
0x00007ff9902d0000 - 0x00007ff990411000 	C:\Windows\system32\RPCRT4.dll
0x00007ff97a3a0000 - 0x00007ff97a3f3000 	C:\Windows\AppPatch\AppPatch64\AcGenral.DLL
0x00007ff98f0b0000 - 0x00007ff98f0de000 	C:\Windows\SYSTEM32\SspiCli.dll
0x00007ff98ff70000 - 0x00007ff98ffc4000 	C:\Windows\system32\SHLWAPI.dll
0x00007ff991e30000 - 0x00007ff991fa7000 	C:\Windows\system32\USER32.dll
0x00007ff98f830000 - 0x00007ff98f9c4000 	C:\Windows\system32\ole32.dll
0x00007ff990420000 - 0x00007ff991938000 	C:\Windows\system32\SHELL32.dll
0x00007ff98e870000 - 0x00007ff98e891000 	C:\Windows\SYSTEM32\USERENV.dll
0x00007ff986e50000 - 0x00007ff986e6e000 	C:\Windows\SYSTEM32\MPR.dll
0x00007ff991ad0000 - 0x00007ff991ce1000 	C:\Windows\SYSTEM32\combase.dll
0x00007ff990040000 - 0x00007ff990191000 	C:\Windows\system32\GDI32.dll
0x00007ff98f2f0000 - 0x00007ff98f305000 	C:\Windows\SYSTEM32\profapi.dll
0x00007ff98ddd0000 - 0x00007ff98de82000 	C:\Windows\SYSTEM32\SHCORE.dll
0x00007ff9920f0000 - 0x00007ff992126000 	C:\Windows\system32\IMM32.DLL
0x00007ff98fe10000 - 0x00007ff98ff62000 	C:\Windows\system32\MSCTF.dll
0x00007ff98d080000 - 0x00007ff98d2fb000 	C:\Windows\WinSxS\amd64_microsoft.windows.common-controls_6595b64144ccf1df_6.0.9600.17415_none_6240486fecbd8abb\COMCTL32.dll
0x0000000050320000 - 0x00000000503f2000 	D:\Program Files\Java\jdk1.8.0_20\jre\bin\msvcr100.dll
0x0000000075c00000 - 0x0000000076458000 	D:\Program Files\Java\jdk1.8.0_20\jre\bin\server\jvm.dll
0x00007ff986e70000 - 0x00007ff986e79000 	C:\Windows\SYSTEM32\WSOCK32.dll
0x00007ff98af80000 - 0x00007ff98afa2000 	C:\Windows\SYSTEM32\WINMM.dll
0x00007ff98ffd0000 - 0x00007ff98ffd7000 	C:\Windows\system32\PSAPI.DLL
0x00007ff98ffe0000 - 0x00007ff99003a000 	C:\Windows\system32\WS2_32.dll
0x00007ff98cfc0000 - 0x00007ff98cfea000 	C:\Windows\SYSTEM32\WINMMBASE.dll
0x00007ff98f820000 - 0x00007ff98f829000 	C:\Windows\system32\NSI.dll
0x00007ff98f650000 - 0x00007ff98f69f000 	C:\Windows\SYSTEM32\cfgmgr32.dll
0x00007ff98e110000 - 0x00007ff98e138000 	C:\Windows\SYSTEM32\DEVOBJ.dll
0x0000000050310000 - 0x000000005031f000 	D:\Program Files\Java\jdk1.8.0_20\jre\bin\verify.dll
0x00000000502e0000 - 0x0000000050308000 	D:\Program Files\Java\jdk1.8.0_20\jre\bin\java.dll
0x00000000502c0000 - 0x00000000502d6000 	D:\Program Files\Java\jdk1.8.0_20\jre\bin\zip.dll
0x00007ff97f260000 - 0x00007ff97f3ea000 	C:\Windows\SYSTEM32\dbghelp.dll

VM Arguments:
jvm_args: -Xmx1024M -Dfile.encoding=windows-1255 -Duser.country=US -Duser.language=en -Duser.variant 
java_command: com.android.dx.command.Main --dex --output D:\Documents\AndroidStudioProjects\TodoListManager\app\build\intermediates\pre-dexed\debug\classes-8eeefd73e5b6f0d1d70584176171641cd574a416.jar D:\Documents\AndroidStudioProjects\TodoListManager\app\build\intermediates\exploded-aar\com.android.support\support-v4\21.0.3\classes.jar
java_class_path (initial): D:\Android\sdk\build-tools\21.1.2\lib\dx.jar
Launcher Type: SUN_STANDARD

Environment Variables:
PATH=C:\ProgramData\Oracle\Java\javapath;C:\Program Files (x86)\NVIDIA Corporation\PhysX\Common;C:\Windows\system32;C:\Windows;C:\Windows\System32\Wbem;C:\Windows\System32\WindowsPowerShell\v1.0\;C:\Program Files\nodejs\;d:\program files (x86)\android\android-sdk\platform-tools;C:\Program Files (x86)\Android\android-sdk\platform-tools;C:\Users\Gil\AppData\Roaming\npm
USERNAME=Gil
OS=Windows_NT
PROCESSOR_IDENTIFIER=Intel64 Family 6 Model 37 Stepping 5, GenuineIntel



---------------  S Y S T E M  ---------------

OS: Windows 8.1 , 64 bit Build 9600 

CPU:total 4 (2 cores per cpu, 2 threads per core) family 6 model 37 stepping 5, cmov, cx8, fxsr, mmx, sse, sse2, sse3, ssse3, sse4.1, sse4.2, popcnt, aes, clmul, ht, tsc, tscinvbit

Memory: 4k page, physical 4054060k(198176k free), swap 7199788k(5144k free)

vm_info: Java HotSpot(TM) 64-Bit Server VM (25.20-b23) for windows-amd64 JRE (1.8.0_20-b26), built on Jul 30 2014 13:51:23 by "java_re" with MS VC++ 10.0 (VS2010)

time: Fri Apr 03 14:19:29 2015
elapsed time: 19 seconds (0d 0h 0m 19s)

