#
# There is insufficient memory for the Java Runtime Environment to continue.
# Native memory allocation (malloc) failed to allocate 1842576 bytes for Chunk::new
# Possible reasons:
#   The system is out of physical RAM or swap space
#   In 32 bit mode, the process size limit was hit
# Possible solutions:
#   Reduce memory load on the system
#   Increase physical memory or swap space
#   Check if swap backing store is full
#   Use 64 bit Java on a 64 bit OS
#   Decrease Java heap size (-Xmx/-Xms)
#   Decrease number of Java threads
#   Decrease Java thread stack sizes (-Xss)
#   Set larger code cache with -XX:ReservedCodeCacheSize=
# This output file may be truncated or incomplete.
#
#  Out of Memory Error (allocation.cpp:390), pid=2076, tid=2344
#
# JRE version: Java(TM) SE Runtime Environment (8.0_20-b26) (build 1.8.0_20-b26)
# Java VM: Java HotSpot(TM) 64-Bit Server VM (25.20-b23 mixed mode windows-amd64 compressed oops)
# Failed to write core dump. Minidumps are not enabled by default on client versions of Windows
#

---------------  T H R E A D  ---------------

Current thread (0x0000000014d4d800):  JavaThread "C2 CompilerThread1" daemon [_thread_in_native, id=2344, stack(0x0000000016740000,0x0000000016840000)]

Stack: [0x0000000016740000,0x0000000016840000]
Native frames: (J=compiled Java code, j=interpreted, Vv=VM code, C=native code)
V  [jvm.dll+0x3152fa]
V  [jvm.dll+0x265d03]
V  [jvm.dll+0x266943]
V  [jvm.dll+0x25e265]
V  [jvm.dll+0xbe255]
V  [jvm.dll+0xbe6fc]
V  [jvm.dll+0x45c472]
V  [jvm.dll+0x49d76f]
V  [jvm.dll+0x451911]
V  [jvm.dll+0x452634]
V  [jvm.dll+0x435fc2]
V  [jvm.dll+0x97b62]
V  [jvm.dll+0x98353]
V  [jvm.dll+0x22aac4]
V  [jvm.dll+0x283f5a]
C  [msvcr100.dll+0x21d9f]
C  [msvcr100.dll+0x21e3b]
C  [KERNEL32.DLL+0x13d2]
C  [ntdll.dll+0x6e954]


Current CompileTask:
C2:  13100 1641   !   4       com.android.dx.cf.code.BytecodeArray::parseInstruction (2764 bytes)


---------------  P R O C E S S  ---------------

Java Threads: ( => current thread )
  0x000000001637e800 JavaThread "Service Thread" daemon [_thread_blocked, id=7964, stack(0x0000000016940000,0x0000000016a40000)]
  0x0000000016376000 JavaThread "C1 CompilerThread2" daemon [_thread_blocked, id=3084, stack(0x0000000016840000,0x0000000016940000)]
=>0x0000000014d4d800 JavaThread "C2 CompilerThread1" daemon [_thread_in_native, id=2344, stack(0x0000000016740000,0x0000000016840000)]
  0x0000000014d38000 JavaThread "C2 CompilerThread0" daemon [_thread_blocked, id=7676, stack(0x0000000016240000,0x0000000016340000)]
  0x0000000014d36800 JavaThread "Attach Listener" daemon [_thread_blocked, id=4784, stack(0x0000000016140000,0x0000000016240000)]
  0x0000000014ce6000 JavaThread "Signal Dispatcher" daemon [_thread_blocked, id=1456, stack(0x0000000016040000,0x0000000016140000)]
  0x0000000002516000 JavaThread "Finalizer" daemon [_thread_blocked, id=7068, stack(0x0000000015f40000,0x0000000016040000)]
  0x000000000250d000 JavaThread "Reference Handler" daemon [_thread_blocked, id=4288, stack(0x0000000015e40000,0x0000000015f40000)]
  0x0000000002420800 JavaThread "main" [_thread_in_Java, id=7568, stack(0x00000000022f0000,0x00000000023f0000)]

Other Threads:
  0x0000000014cb5800 VMThread [stack: 0x0000000015d40000,0x0000000015e40000] [id=3760]
  0x0000000016391800 WatcherThread [stack: 0x0000000016a40000,0x0000000016b40000] [id=3544]

VM state:synchronizing (normal execution)

VM Mutex/Monitor currently owned by a thread:  ([mutex/lock_event])
[0x000000000261c2a0] Safepoint_lock - owner thread: 0x0000000014cb5800
[0x000000000261bea0] Threads_lock - owner thread: 0x0000000014cb5800

Heap:
 PSYoungGen      total 34304K, used 6894K [0x00000000eab00000, 0x00000000eee00000, 0x0000000100000000)
  eden space 31744K, 13% used [0x00000000eab00000,0x00000000eaf3b8a0,0x00000000eca00000)
  from space 2560K, 100% used [0x00000000eca00000,0x00000000ecc80000,0x00000000ecc80000)
  to   space 2560K, 0% used [0x00000000eeb80000,0x00000000eeb80000,0x00000000eee00000)
 ParOldGen       total 42496K, used 8886K [0x00000000c0000000, 0x00000000c2980000, 0x00000000eab00000)
  object space 42496K, 20% used [0x00000000c0000000,0x00000000c08adae0,0x00000000c2980000)
 Metaspace       used 5876K, capacity 7088K, committed 7296K, reserved 1056768K
  class space    used 553K, capacity 616K, committed 640K, reserved 1048576K

Card table byte_map: [0x00000000119e0000,0x0000000011bf0000] byte_map_base: 0x00000000113e0000

Marking Bits: (ParMarkBitMap*) 0x00000000763db460
 Begin Bits: [0x0000000012150000, 0x0000000013150000)
 End Bits:   [0x0000000013150000, 0x0000000014150000)

Polling page: 0x0000000000b90000

CodeCache: size=245760Kb used=7850Kb max_used=7863Kb free=237909Kb
 bounds [0x0000000002620000, 0x0000000002de0000, 0x0000000011620000]
 total_blobs=1919 nmethods=1660 adapters=174
 compilation: enabled

Compilation events (10 events):
Event: 12.942 Thread 0x0000000016376000 nmethod 1658 0x0000000002d805d0 code [0x0000000002d80740, 0x0000000002d808c8]
Event: 12.945 Thread 0x0000000014d38000 nmethod 1653 0x0000000002dcfc50 code [0x0000000002dcfde0, 0x0000000002dd0428]
Event: 12.945 Thread 0x0000000014d38000 1656       4       com.android.dx.ssa.SsaRenamer::setNameForSsaReg (54 bytes)
Event: 12.947 Thread 0x0000000016376000 1660       3       com.android.dx.dex.file.ValueEncoder::addContents (75 bytes)
Event: 12.948 Thread 0x0000000016376000 nmethod 1660 0x0000000002dcd790 code [0x0000000002dcda40, 0x0000000002dcf078]
Event: 12.949 Thread 0x0000000016376000 1661       3       com.android.dx.rop.cst.CstFieldRef::<init> (7 bytes)
Event: 12.949 Thread 0x0000000016376000 nmethod 1661 0x0000000002d98d90 code [0x0000000002d98f00, 0x0000000002d99088]
Event: 12.959 Thread 0x0000000014d38000 nmethod 1656 0x0000000002dd4010 code [0x0000000002dd41a0, 0x0000000002dd4918]
Event: 12.959 Thread 0x0000000014d38000 1659       4       com.android.dx.ssa.DomFront::calcDomFronts (154 bytes)
Event: 12.980 Thread 0x0000000014d38000 nmethod 1659 0x0000000002dd17d0 code [0x0000000002dd1960, 0x0000000002dd2238]

GC Heap History (6 events):
Event: 5.937 GC heap before
{Heap before GC invocations=1 (full 0):
 PSYoungGen      total 18432K, used 15872K [0x00000000eab00000, 0x00000000ebf80000, 0x0000000100000000)
  eden space 15872K, 100% used [0x00000000eab00000,0x00000000eba80000,0x00000000eba80000)
  from space 2560K, 0% used [0x00000000ebd00000,0x00000000ebd00000,0x00000000ebf80000)
  to   space 2560K, 0% used [0x00000000eba80000,0x00000000eba80000,0x00000000ebd00000)
 ParOldGen       total 42496K, used 0K [0x00000000c0000000, 0x00000000c2980000, 0x00000000eab00000)
  object space 42496K, 0% used [0x00000000c0000000,0x00000000c0000000,0x00000000c2980000)
 Metaspace       used 5569K, capacity 6832K, committed 7040K, reserved 1056768K
  class space    used 548K, capacity 616K, committed 640K, reserved 1048576K
Event: 6.023 GC heap after
Heap after GC invocations=1 (full 0):
 PSYoungGen      total 18432K, used 2551K [0x00000000eab00000, 0x00000000ecf00000, 0x0000000100000000)
  eden space 15872K, 0% used [0x00000000eab00000,0x00000000eab00000,0x00000000eba80000)
  from space 2560K, 99% used [0x00000000eba80000,0x00000000ebcfdc78,0x00000000ebd00000)
  to   space 2560K, 0% used [0x00000000ecc80000,0x00000000ecc80000,0x00000000ecf00000)
 ParOldGen       total 42496K, used 1583K [0x00000000c0000000, 0x00000000c2980000, 0x00000000eab00000)
  object space 42496K, 3% used [0x00000000c0000000,0x00000000c018bdc0,0x00000000c2980000)
 Metaspace       used 5569K, capacity 6832K, committed 7040K, reserved 1056768K
  class space    used 548K, capacity 616K, committed 640K, reserved 1048576K
}
Event: 8.145 GC heap before
{Heap before GC invocations=2 (full 0):
 PSYoungGen      total 18432K, used 18423K [0x00000000eab00000, 0x00000000ecf00000, 0x0000000100000000)
  eden space 15872K, 100% used [0x00000000eab00000,0x00000000eba80000,0x00000000eba80000)
  from space 2560K, 99% used [0x00000000eba80000,0x00000000ebcfdc78,0x00000000ebd00000)
  to   space 2560K, 0% used [0x00000000ecc80000,0x00000000ecc80000,0x00000000ecf00000)
 ParOldGen       total 42496K, used 1583K [0x00000000c0000000, 0x00000000c2980000, 0x00000000eab00000)
  object space 42496K, 3% used [0x00000000c0000000,0x00000000c018bdc0,0x00000000c2980000)
 Metaspace       used 5814K, capacity 7024K, committed 7296K, reserved 1056768K
  class space    used 552K, capacity 616K, committed 640K, reserved 1048576K
Event: 8.303 GC heap after
Heap after GC invocations=2 (full 0):
 PSYoungGen      total 34304K, used 2554K [0x00000000eab00000, 0x00000000ecf00000, 0x0000000100000000)
  eden space 31744K, 0% used [0x00000000eab00000,0x00000000eab00000,0x00000000eca00000)
  from space 2560K, 99% used [0x00000000ecc80000,0x00000000ecefeaa8,0x00000000ecf00000)
  to   space 2560K, 0% used [0x00000000eca00000,0x00000000eca00000,0x00000000ecc80000)
 ParOldGen       total 42496K, used 3929K [0x00000000c0000000, 0x00000000c2980000, 0x00000000eab00000)
  object space 42496K, 9% used [0x00000000c0000000,0x00000000c03d6450,0x00000000c2980000)
 Metaspace       used 5814K, capacity 7024K, committed 7296K, reserved 1056768K
  class space    used 552K, capacity 616K, committed 640K, reserved 1048576K
}
Event: 11.921 GC heap before
{Heap before GC invocations=3 (full 0):
 PSYoungGen      total 34304K, used 34298K [0x00000000eab00000, 0x00000000ecf00000, 0x0000000100000000)
  eden space 31744K, 100% used [0x00000000eab00000,0x00000000eca00000,0x00000000eca00000)
  from space 2560K, 99% used [0x00000000ecc80000,0x00000000ecefeaa8,0x00000000ecf00000)
  to   space 2560K, 0% used [0x00000000eca00000,0x00000000eca00000,0x00000000ecc80000)
 ParOldGen       total 42496K, used 3929K [0x00000000c0000000, 0x00000000c2980000, 0x00000000eab00000)
  object space 42496K, 9% used [0x00000000c0000000,0x00000000c03d6450,0x00000000c2980000)
 Metaspace       used 5873K, capacity 7088K, committed 7296K, reserved 1056768K
  class space    used 553K, capacity 616K, committed 640K, reserved 1048576K
Event: 11.989 GC heap after
Heap after GC invocations=3 (full 0):
 PSYoungGen      total 34304K, used 2560K [0x00000000eab00000, 0x00000000eee00000, 0x0000000100000000)
  eden space 31744K, 0% used [0x00000000eab00000,0x00000000eab00000,0x00000000eca00000)
  from space 2560K, 100% used [0x00000000eca00000,0x00000000ecc80000,0x00000000ecc80000)
  to   space 2560K, 0% used [0x00000000eeb80000,0x00000000eeb80000,0x00000000eee00000)
 ParOldGen       total 42496K, used 8886K [0x00000000c0000000, 0x00000000c2980000, 0x00000000eab00000)
  object space 42496K, 20% used [0x00000000c0000000,0x00000000c08adae0,0x00000000c2980000)
 Metaspace       used 5873K, capacity 7088K, committed 7296K, reserved 1056768K
  class space    used 553K, capacity 616K, committed 640K, reserved 1048576K
}

Deoptimization events (10 events):
Event: 9.838 Thread 0x0000000002420800 Uncommon trap: reason=bimorphic action=maybe_recompile pc=0x0000000002cabd84 method=com.android.dx.ssa.SCCP.setLatticeValueTo(IILcom/android/dx/rop/cst/Constant;)Z @ 43
Event: 10.083 Thread 0x0000000002420800 Uncommon trap: reason=bimorphic action=maybe_recompile pc=0x0000000002caba74 method=com.android.dx.ssa.SCCP.simulatePhi(Lcom/android/dx/ssa/PhiInsn;)V @ 124
Event: 10.262 Thread 0x0000000002420800 Uncommon trap: reason=uninitialized action=reinterpret pc=0x0000000002c9a448 method=com.android.dx.cf.code.BytecodeArray.parseInstruction(ILcom/android/dx/cf/code/BytecodeArray$Visitor;)I @ 999
Event: 10.804 Thread 0x0000000002420800 Uncommon trap: reason=bimorphic action=maybe_recompile pc=0x0000000002d48f14 method=com.android.dx.cf.code.RopperMachine.run(Lcom/android/dx/cf/code/Frame;II)V @ 978
Event: 10.804 Thread 0x0000000002420800 Uncommon trap: reason=bimorphic action=maybe_recompile pc=0x0000000002d48f14 method=com.android.dx.cf.code.RopperMachine.run(Lcom/android/dx/cf/code/Frame;II)V @ 978
Event: 10.817 Thread 0x0000000002420800 Uncommon trap: reason=class_check action=maybe_recompile pc=0x0000000002d48f2c method=com.android.dx.cf.code.RopperMachine.run(Lcom/android/dx/cf/code/Frame;II)V @ 988
Event: 10.820 Thread 0x0000000002420800 Uncommon trap: reason=unreached action=reinterpret pc=0x0000000002c01d2c method=com.android.dx.ssa.SCCP.simulateBranch(Lcom/android/dx/ssa/SsaInsn;)V @ 132
Event: 10.830 Thread 0x0000000002420800 Uncommon trap: reason=unloaded action=reinterpret pc=0x0000000002be2bb4 method=com.android.dx.ssa.LiteralOpUpgrader$1.visitNonMoveInsn(Lcom/android/dx/ssa/NormalSsaInsn;)V @ 72
Event: 10.831 Thread 0x0000000002420800 Uncommon trap: reason=unreached action=reinterpret pc=0x0000000002a2b25c method=com.android.dx.ssa.SsaMethod.updateOneDefinition(Lcom/android/dx/ssa/SsaInsn;Lcom/android/dx/rop/code/RegisterSpec;)V @ 4
Event: 12.718 Thread 0x0000000002420800 Uncommon trap: reason=class_check action=maybe_recompile pc=0x0000000002c2fb5c method=com.android.dx.rop.code.RegisterSpec.withSimpleType()Lcom/android/dx/rop/code/RegisterSpec; @ 21

Internal exceptions (10 events):
Event: 5.542 Thread 0x0000000002420800 Exception <a 'java/security/PrivilegedActionException'> (0x00000000eb806ac8) thrown at [D:\re\workspace\8-2-build-windows-amd64-cygwin\jdk8u20\1074\hotspot\src\share\vm\prims\jvm.cpp, line 1275]
Event: 5.545 Thread 0x0000000002420800 Exception <a 'java/security/PrivilegedActionException'> (0x00000000eb80b4d8) thrown at [D:\re\workspace\8-2-build-windows-amd64-cygwin\jdk8u20\1074\hotspot\src\share\vm\prims\jvm.cpp, line 1275]
Event: 5.917 Thread 0x0000000002420800 Exception <a 'java/security/PrivilegedActionException'> (0x00000000eba3cec8) thrown at [D:\re\workspace\8-2-build-windows-amd64-cygwin\jdk8u20\1074\hotspot\src\share\vm\prims\jvm.cpp, line 1275]
Event: 6.155 Thread 0x0000000002420800 Exception <a 'java/security/PrivilegedActionException'> (0x00000000eacbac00) thrown at [D:\re\workspace\8-2-build-windows-amd64-cygwin\jdk8u20\1074\hotspot\src\share\vm\prims\jvm.cpp, line 1275]
Event: 6.158 Thread 0x0000000002420800 Exception <a 'java/security/PrivilegedActionException'> (0x00000000eacbd0a8) thrown at [D:\re\workspace\8-2-build-windows-amd64-cygwin\jdk8u20\1074\hotspot\src\share\vm\prims\jvm.cpp, line 1275]
Event: 6.162 Thread 0x0000000002420800 Exception <a 'java/security/PrivilegedActionException'> (0x00000000eacd0340) thrown at [D:\re\workspace\8-2-build-windows-amd64-cygwin\jdk8u20\1074\hotspot\src\share\vm\prims\jvm.cpp, line 1275]
Event: 6.172 Thread 0x0000000002420800 Exception <a 'java/security/PrivilegedActionException'> (0x00000000ead34c98) thrown at [D:\re\workspace\8-2-build-windows-amd64-cygwin\jdk8u20\1074\hotspot\src\share\vm\prims\jvm.cpp, line 1275]
Event: 7.168 Thread 0x0000000002420800 Exception <a 'java/security/PrivilegedActionException'> (0x00000000eb65cca0) thrown at [D:\re\workspace\8-2-build-windows-amd64-cygwin\jdk8u20\1074\hotspot\src\share\vm\prims\jvm.cpp, line 1275]
Event: 9.617 Thread 0x0000000002420800 Exception <a 'java/security/PrivilegedActionException'> (0x00000000eb53a180) thrown at [D:\re\workspace\8-2-build-windows-amd64-cygwin\jdk8u20\1074\hotspot\src\share\vm\prims\jvm.cpp, line 1275]
Event: 10.830 Thread 0x0000000002420800 Exception <a 'java/security/PrivilegedActionException'> (0x00000000ebe79228) thrown at [D:\re\workspace\8-2-build-windows-amd64-cygwin\jdk8u20\1074\hotspot\src\share\vm\prims\jvm.cpp, line 1275]

Events (10 events):
Event: 10.830 Thread 0x0000000002420800 DEOPT PACKING pc=0x0000000002be2bb4 sp=0x00000000023eeb10
Event: 10.830 Thread 0x0000000002420800 DEOPT UNPACKING pc=0x000000000266556a sp=0x00000000023eeac8 mode 2
Event: 10.831 Thread 0x0000000002420800 Uncommon trap: trap_request=0xffffffad fr.pc=0x0000000002a2b25c
Event: 10.831 Thread 0x0000000002420800 DEOPT PACKING pc=0x0000000002a2b25c sp=0x00000000023ee940
Event: 10.831 Thread 0x0000000002420800 DEOPT UNPACKING pc=0x000000000266556a sp=0x00000000023ee8e8 mode 2
Event: 11.921 Executing VM operation: ParallelGCFailedAllocation
Event: 11.989 Executing VM operation: ParallelGCFailedAllocation done
Event: 12.718 Thread 0x0000000002420800 Uncommon trap: trap_request=0xffffffde fr.pc=0x0000000002c2fb5c
Event: 12.718 Thread 0x0000000002420800 DEOPT PACKING pc=0x0000000002c2fb5c sp=0x00000000023eeb80
Event: 12.718 Thread 0x0000000002420800 DEOPT UNPACKING pc=0x000000000266556a sp=0x00000000023eeab8 mode 2


Dynamic libraries:
0x00007ff6b2ad0000 - 0x00007ff6b2b04000 	D:\Program Files\Java\jdk1.8.0_20\bin\java.exe
0x00007ff9921a0000 - 0x00007ff99234c000 	C:\Windows\SYSTEM32\ntdll.dll
0x00007ff991cf0000 - 0x00007ff991e2e000 	C:\Windows\system32\KERNEL32.DLL
0x00007ff98f700000 - 0x00007ff98f815000 	C:\Windows\system32\KERNELBASE.dll
0x00007ff98de90000 - 0x00007ff98df1e000 	C:\Windows\system32\apphelp.dll
0x00007ff97c9f0000 - 0x00007ff97cabf000 	C:\Windows\AppPatch\AppPatch64\EMET64.dll
0x00007ff98fbb0000 - 0x00007ff98fc5a000 	C:\Windows\system32\msvcrt.dll
0x00007ff991a20000 - 0x00007ff991aca000 	C:\Windows\system32\ADVAPI32.dll
0x00007ff9901a0000 - 0x00007ff9901f9000 	C:\Windows\SYSTEM32\sechost.dll
0x00007ff9902d0000 - 0x00007ff990411000 	C:\Windows\system32\RPCRT4.dll
0x00007ff97a3a0000 - 0x00007ff97a3f3000 	C:\Windows\AppPatch\AppPatch64\AcGenral.DLL
0x00007ff98f0b0000 - 0x00007ff98f0de000 	C:\Windows\SYSTEM32\SspiCli.dll
0x00007ff98ff70000 - 0x00007ff98ffc4000 	C:\Windows\system32\SHLWAPI.dll
0x00007ff991e30000 - 0x00007ff991fa7000 	C:\Windows\system32\USER32.dll
0x00007ff98f830000 - 0x00007ff98f9c4000 	C:\Windows\system32\ole32.dll
0x00007ff990420000 - 0x00007ff991938000 	C:\Windows\system32\SHELL32.dll
0x00007ff98e870000 - 0x00007ff98e891000 	C:\Windows\SYSTEM32\USERENV.dll
0x00007ff986e50000 - 0x00007ff986e6e000 	C:\Windows\SYSTEM32\MPR.dll
0x00007ff991ad0000 - 0x00007ff991ce1000 	C:\Windows\SYSTEM32\combase.dll
0x00007ff990040000 - 0x00007ff990191000 	C:\Windows\system32\GDI32.dll
0x00007ff98f2f0000 - 0x00007ff98f305000 	C:\Windows\SYSTEM32\profapi.dll
0x00007ff98ddd0000 - 0x00007ff98de82000 	C:\Windows\SYSTEM32\SHCORE.dll
0x00007ff9920f0000 - 0x00007ff992126000 	C:\Windows\system32\IMM32.DLL
0x00007ff98fe10000 - 0x00007ff98ff62000 	C:\Windows\system32\MSCTF.dll
0x00007ff98d080000 - 0x00007ff98d2fb000 	C:\Windows\WinSxS\amd64_microsoft.windows.common-controls_6595b64144ccf1df_6.0.9600.17415_none_6240486fecbd8abb\COMCTL32.dll
0x0000000050320000 - 0x00000000503f2000 	D:\Program Files\Java\jdk1.8.0_20\jre\bin\msvcr100.dll
0x0000000075c00000 - 0x0000000076458000 	D:\Program Files\Java\jdk1.8.0_20\jre\bin\server\jvm.dll
0x00007ff986e70000 - 0x00007ff986e79000 	C:\Windows\SYSTEM32\WSOCK32.dll
0x00007ff98af80000 - 0x00007ff98afa2000 	C:\Windows\SYSTEM32\WINMM.dll
0x00007ff98ffd0000 - 0x00007ff98ffd7000 	C:\Windows\system32\PSAPI.DLL
0x00007ff98ffe0000 - 0x00007ff99003a000 	C:\Windows\system32\WS2_32.dll
0x00007ff98cfc0000 - 0x00007ff98cfea000 	C:\Windows\SYSTEM32\WINMMBASE.dll
0x00007ff98f820000 - 0x00007ff98f829000 	C:\Windows\system32\NSI.dll
0x00007ff98f650000 - 0x00007ff98f69f000 	C:\Windows\SYSTEM32\cfgmgr32.dll
0x00007ff98e110000 - 0x00007ff98e138000 	C:\Windows\SYSTEM32\DEVOBJ.dll
0x0000000050310000 - 0x000000005031f000 	D:\Program Files\Java\jdk1.8.0_20\jre\bin\verify.dll
0x00000000502e0000 - 0x0000000050308000 	D:\Program Files\Java\jdk1.8.0_20\jre\bin\java.dll
0x00000000502c0000 - 0x00000000502d6000 	D:\Program Files\Java\jdk1.8.0_20\jre\bin\zip.dll
0x00007ff97f260000 - 0x00007ff97f3ea000 	C:\Windows\SYSTEM32\dbghelp.dll

VM Arguments:
jvm_args: -Xmx1024M -Dfile.encoding=windows-1255 -Duser.country=US -Duser.language=en -Duser.variant 
java_command: com.android.dx.command.Main --dex --output D:\Documents\AndroidStudioProjects\TodoListManager\app\build\intermediates\pre-dexed\debug\internal_impl-21.0.3-e4dfa779bb5f83ca4887889edb50f680c00e8748.jar D:\Documents\AndroidStudioProjects\TodoListManager\app\build\intermediates\exploded-aar\com.android.support\support-v4\21.0.3\libs\internal_impl-21.0.3.jar
java_class_path (initial): D:\Android\sdk\build-tools\21.1.2\lib\dx.jar
Launcher Type: SUN_STANDARD

Environment Variables:
PATH=C:\ProgramData\Oracle\Java\javapath;C:\Program Files (x86)\NVIDIA Corporation\PhysX\Common;C:\Windows\system32;C:\Windows;C:\Windows\System32\Wbem;C:\Windows\System32\WindowsPowerShell\v1.0\;C:\Program Files\nodejs\;d:\program files (x86)\android\android-sdk\platform-tools;C:\Program Files (x86)\Android\android-sdk\platform-tools;C:\Users\Gil\AppData\Roaming\npm
USERNAME=Gil
OS=Windows_NT
PROCESSOR_IDENTIFIER=Intel64 Family 6 Model 37 Stepping 5, GenuineIntel



---------------  S Y S T E M  ---------------

OS: Windows 8.1 , 64 bit Build 9600 

CPU:total 4 (2 cores per cpu, 2 threads per core) family 6 model 37 stepping 5, cmov, cx8, fxsr, mmx, sse, sse2, sse3, ssse3, sse4.1, sse4.2, popcnt, aes, clmul, ht, tsc, tscinvbit

Memory: 4k page, physical 4054060k(198640k free), swap 7199788k(5100k free)

vm_info: Java HotSpot(TM) 64-Bit Server VM (25.20-b23) for windows-amd64 JRE (1.8.0_20-b26), built on Jul 30 2014 13:51:23 by "java_re" with MS VC++ 10.0 (VS2010)

time: Fri Apr 03 14:19:29 2015
elapsed time: 13 seconds (0d 0h 0m 13s)

